"C:/Users/Alex/Documents/GitHub/hyperion/IAT_Final.uproject" 1
"../../../Engine/Plugins/2D/Paper2D/Paper2D.uplugin" 2
"../../../Engine/Plugins/Developer/BlankPlugin/BlankPlugin.uplugin" 3
"../../../Engine/Plugins/Developer/PerforceSourceControl/PerforceSourceControl.uplugin" 4
"../../../Engine/Plugins/Developer/SubversionSourceControl/SubversionSourceControl.uplugin" 5
"../../../Engine/Plugins/Developer/UObjectPlugin/UObjectPlugin.uplugin" 6
"../../../Engine/Plugins/Developer/VisualStudioSourceCodeAccess/VisualStudioSourceCodeAccess.uplugin" 7
"../../../Engine/Plugins/Developer/XCodeSourceCodeAccess/XCodeSourceCodeAccess.uplugin" 8
"../../../Engine/Plugins/Editor/EpicSurvey/EpicSurvey.uplugin" 9
"../../../Engine/Plugins/Editor/MacGraphicsSwitching/MacGraphicsSwitching.uplugin" 10
"../../../Engine/Plugins/Editor/PluginsEditor/PluginsEditor.uplugin" 11
"../../../Engine/Plugins/Editor/SpeedTreeImporter/SpeedTreeImporter.uplugin" 12
"../../../Engine/Plugins/Experimental/BlueprintStats/BlueprintStats.uplugin" 13
"../../../Engine/Plugins/Experimental/CharacterAI/CharacterAI.uplugin" 14
"../../../Engine/Plugins/Experimental/CodeView/CodeView.uplugin" 15
"../../../Engine/Plugins/Experimental/LiveEditor/LiveEditor.uplugin" 16
"../../../Engine/Plugins/Experimental/Phya/Phya.uplugin" 17
"../../../Engine/Plugins/Experimental/SteamVR/SteamVR.uplugin" 18
"../../../Engine/Plugins/Media/AvfMedia/AvfMedia.uplugin" 19
"../../../Engine/Plugins/Media/MediaPlayerEditor/MediaPlayerEditor.uplugin" 20
"../../../Engine/Plugins/Media/WmfMedia/WmfMedia.uplugin" 21
"../../../Engine/Plugins/Messaging/MessagingDebugger/MessagingDebugger.uplugin" 22
"../../../Engine/Plugins/Messaging/UdpMessaging/UdpMessaging.uplugin" 23
"../../../Engine/Plugins/Runtime/Advertising/IOSTapJoy/IOSTapJoy.uplugin" 24
"../../../Engine/Plugins/Runtime/Analytics/AnalyticsBlueprintLibrary/AnalyticsBlueprintLibrary.uplugin" 25
"../../../Engine/Plugins/Runtime/Analytics/Apsalar/IOSApsalar/IOSApsalar.uplugin" 26
"../../../Engine/Plugins/Runtime/Analytics/FileLogging/FileLogging.uplugin" 27
"../../../Engine/Plugins/Runtime/AndroidDeviceProfileSelector/AndroidDeviceProfileSelector.uplugin" 28
"../../../Engine/Plugins/Runtime/AppleMoviePlayer/AppleMoviePlayer.uplugin" 29
"../../../Engine/Plugins/Runtime/CableComponent/CableComponent.uplugin" 30
"../../../Engine/Plugins/Runtime/CustomMeshComponent/CustomMeshComponent.uplugin" 31
"../../../Engine/Plugins/Runtime/ExampleDeviceProfileSelector/ExampleDeviceProfileSelector.uplugin" 32
"../../../Engine/Plugins/Runtime/IOSDeviceProfileSelector/IOSDeviceProfileSelector.uplugin" 33
"../../../Engine/Plugins/Runtime/LiveEditorListenServer/LiveEditorListenServer.uplugin" 34
"../../../Engine/Plugins/Runtime/OculusRift/OculusRift.uplugin" 35
"../../../Engine/Plugins/Runtime/SoundMod/SoundMod.uplugin" 36
"../../../Engine/Plugins/Runtime/SoundVisualizations/SoundVisualizations.uplugin" 37
"../../../Engine/Plugins/Runtime/TwitchLiveStreaming/TwitchLiveStreaming.uplugin" 38
"../../../Engine/Plugins/Runtime/WindowsDeviceProfileSelector/WindowsDeviceProfileSelector.uplugin" 39
"../../../Engine/Plugins/Runtime/WindowsMoviePlayer/WindowsMoviePlayer.uplugin" 40
"../../../Engine/Plugins/ScriptGeneratorPlugin/ScriptGeneratorPlugin.uplugin" 41
"../../../Engine/Plugins/ScriptPlugin/ScriptPlugin.uplugin" 42
"../../../Engine/Plugins/Slate/SlateRemote/SlateRemote.uplugin" 43
"..\..\..\Engine\Content\Localization\ICU\icudt53l\cnvalias.icu" 44
"..\..\..\Engine\Content\Localization\ICU\icudt53l\res_index.res" 45
"..\..\..\Engine\Content\Localization\ICU\icudt53l\coll\ucadata.icu" 46
"..\..\..\Engine\Content\Localization\ICU\icudt53l\nfc.nrm" 47
"..\..\..\Engine\Content\Localization\ICU\icudt53l\coll\de.res" 48
"..\..\..\Engine\Content\Localization\ICU\icudt53l\coll\root.res" 49
"..\..\..\Engine\Content\Localization\ICU\icudt53l\de.res" 50
"..\..\..\Engine\Content\Localization\ICU\icudt53l\pool.res" 51
"..\..\..\Engine\Content\Localization\ICU\icudt53l\root.res" 52
"..\..\..\Engine\Content\Localization\ICU\icudt53l\numberingSystems.res" 53
"..\..\..\Engine\Content\Localization\ICU\icudt53l\curr\supplementalData.res" 54
"..\..\..\Engine\Content\Localization\ICU\icudt53l\curr\pool.res" 55
"..\..\..\Engine\Content\Localization\ICU\icudt53l\curr\de.res" 56
"..\..\..\Engine\Content\Localization\ICU\icudt53l\curr\root.res" 57
"..\..\..\Engine\Content\Localization\ICU\icudt53l\en_US.res" 58
"..\..\..\Engine\Content\Localization\ICU\icudt53l\en.res" 59
"..\..\..\Engine\Content\Localization\ICU\icudt53l\plurals.res" 60
"..\..\..\Engine\Content\Localization\ICU\icudt53l\windowsZones.res" 61
"..\..\..\Engine\Content\Localization\ICU\icudt53l\zoneinfo64.res" 62
"..\..\..\Engine\Content\Localization\ICU\icudt53l\keyTypeData.res" 63
"..\..\..\Engine\Content\Localization\ICU\icudt53l\timezoneTypes.res" 64
"..\..\..\Engine\Content\Localization\ICU\icudt53l\likelySubtags.res" 65
"..\..\..\Engine\Content\Localization\ICU\icudt53l\supplementalData.res" 66
"..\..\..\Engine\Content\Localization\ICU\icudt53l\de_DE.res" 67
"..\..\..\Engine\Content\Localization\ICU\icudt53l\de_AT.res" 68
"..\..\..\Engine\Content\Localization\ICU\icudt53l\de_BE.res" 69
"..\..\..\Engine\Content\Localization\ICU\icudt53l\de_CH.res" 70
"..\..\..\Engine\Content\Localization\ICU\icudt53l\curr\de_CH.res" 71
"..\..\..\Engine\Content\Localization\ICU\icudt53l\de_LI.res" 72
"..\..\..\Engine\Content\Localization\ICU\icudt53l\de_LU.res" 73
"..\..\..\Engine\Content\Localization\ICU\icudt53l\curr\de_LU.res" 74
"..\..\..\Engine\Content\Localization\ICU\icudt53l\coll\en.res" 75
"..\..\..\Engine\Content\Localization\ICU\icudt53l\curr\en.res" 76
"..\..\..\Engine\Content\Localization\ICU\icudt53l\en_001.res" 77
"..\..\..\Engine\Content\Localization\ICU\icudt53l\curr\en_001.res" 78
"..\..\..\Engine\Content\Localization\ICU\icudt53l\en_150.res" 79
"..\..\..\Engine\Content\Localization\ICU\icudt53l\en_GB.res" 80
"..\..\..\Engine\Content\Localization\ICU\icudt53l\curr\en_150.res" 81
"..\..\..\Engine\Content\Localization\ICU\icudt53l\curr\en_GB.res" 82
"..\..\..\Engine\Content\Localization\ICU\icudt53l\en_AG.res" 83
"..\..\..\Engine\Content\Localization\ICU\icudt53l\curr\en_AG.res" 84
"..\..\..\Engine\Content\Localization\ICU\icudt53l\en_AI.res" 85
"..\..\..\Engine\Content\Localization\ICU\icudt53l\curr\en_AI.res" 86
"..\..\..\Engine\Content\Localization\ICU\icudt53l\en_AS.res" 87
"..\..\..\Engine\Content\Localization\ICU\icudt53l\en_AU.res" 88
"..\..\..\Engine\Content\Localization\ICU\icudt53l\curr\en_AU.res" 89
"..\..\..\Engine\Content\Localization\ICU\icudt53l\en_BB.res" 90
"..\..\..\Engine\Content\Localization\ICU\icudt53l\curr\en_BB.res" 91
"..\..\..\Engine\Content\Localization\ICU\icudt53l\en_BE.res" 92
"..\..\..\Engine\Content\Localization\ICU\icudt53l\curr\en_BE.res" 93
"..\..\..\Engine\Content\Localization\ICU\icudt53l\en_BM.res" 94
"..\..\..\Engine\Content\Localization\ICU\icudt53l\curr\en_BM.res" 95
"..\..\..\Engine\Content\Localization\ICU\icudt53l\en_BS.res" 96
"..\..\..\Engine\Content\Localization\ICU\icudt53l\curr\en_BS.res" 97
"..\..\..\Engine\Content\Localization\ICU\icudt53l\en_BW.res" 98
"..\..\..\Engine\Content\Localization\ICU\icudt53l\curr\en_BW.res" 99
"..\..\..\Engine\Content\Localization\ICU\icudt53l\en_BZ.res" 100
"..\..\..\Engine\Content\Localization\ICU\icudt53l\curr\en_BZ.res" 101
"..\..\..\Engine\Content\Localization\ICU\icudt53l\en_CA.res" 102
"..\..\..\Engine\Content\Localization\ICU\icudt53l\curr\en_CA.res" 103
"..\..\..\Engine\Content\Localization\ICU\icudt53l\en_CC.res" 104
"..\..\..\Engine\Content\Localization\ICU\icudt53l\curr\en_CC.res" 105
"..\..\..\Engine\Content\Localization\ICU\icudt53l\en_CK.res" 106
"..\..\..\Engine\Content\Localization\ICU\icudt53l\curr\en_CK.res" 107
"..\..\..\Engine\Content\Localization\ICU\icudt53l\en_CM.res" 108
"..\..\..\Engine\Content\Localization\ICU\icudt53l\curr\en_CM.res" 109
"..\..\..\Engine\Content\Localization\ICU\icudt53l\en_CX.res" 110
"..\..\..\Engine\Content\Localization\ICU\icudt53l\curr\en_CX.res" 111
"..\..\..\Engine\Content\Localization\ICU\icudt53l\en_DG.res" 112
"..\..\..\Engine\Content\Localization\ICU\icudt53l\curr\en_DG.res" 113
"..\..\..\Engine\Content\Localization\ICU\icudt53l\en_DM.res" 114
"..\..\..\Engine\Content\Localization\ICU\icudt53l\curr\en_DM.res" 115
"..\..\..\Engine\Content\Localization\ICU\icudt53l\en_ER.res" 116
"..\..\..\Engine\Content\Localization\ICU\icudt53l\curr\en_ER.res" 117
"..\..\..\Engine\Content\Localization\ICU\icudt53l\en_FJ.res" 118
"..\..\..\Engine\Content\Localization\ICU\icudt53l\curr\en_FJ.res" 119
"..\..\..\Engine\Content\Localization\ICU\icudt53l\en_FK.res" 120
"..\..\..\Engine\Content\Localization\ICU\icudt53l\curr\en_FK.res" 121
"..\..\..\Engine\Content\Localization\ICU\icudt53l\en_FM.res" 122
"..\..\..\Engine\Content\Localization\ICU\icudt53l\curr\en_FM.res" 123
"..\..\..\Engine\Content\Localization\ICU\icudt53l\en_GD.res" 124
"..\..\..\Engine\Content\Localization\ICU\icudt53l\curr\en_GD.res" 125
"..\..\..\Engine\Content\Localization\ICU\icudt53l\en_GG.res" 126
"..\..\..\Engine\Content\Localization\ICU\icudt53l\curr\en_GG.res" 127
"..\..\..\Engine\Content\Localization\ICU\icudt53l\en_GH.res" 128
"..\..\..\Engine\Content\Localization\ICU\icudt53l\curr\en_GH.res" 129
"..\..\..\Engine\Content\Localization\ICU\icudt53l\en_GI.res" 130
"..\..\..\Engine\Content\Localization\ICU\icudt53l\curr\en_GI.res" 131
"..\..\..\Engine\Content\Localization\ICU\icudt53l\en_GM.res" 132
"..\..\..\Engine\Content\Localization\ICU\icudt53l\curr\en_GM.res" 133
"..\..\..\Engine\Content\Localization\ICU\icudt53l\en_GU.res" 134
"..\..\..\Engine\Content\Localization\ICU\icudt53l\en_GY.res" 135
"..\..\..\Engine\Content\Localization\ICU\icudt53l\curr\en_GY.res" 136
"..\..\..\Engine\Content\Localization\ICU\icudt53l\en_HK.res" 137
"..\..\..\Engine\Content\Localization\ICU\icudt53l\curr\en_HK.res" 138
"..\..\..\Engine\Content\Localization\ICU\icudt53l\en_IE.res" 139
"..\..\..\Engine\Content\Localization\ICU\icudt53l\curr\en_IE.res" 140
"..\..\..\Engine\Content\Localization\ICU\icudt53l\en_IM.res" 141
"..\..\..\Engine\Content\Localization\ICU\icudt53l\curr\en_IM.res" 142
"..\..\..\Engine\Content\Localization\ICU\icudt53l\en_IN.res" 143
"..\..\..\Engine\Content\Localization\ICU\icudt53l\curr\en_IN.res" 144
"..\..\..\Engine\Content\Localization\ICU\icudt53l\en_IO.res" 145
"..\..\..\Engine\Content\Localization\ICU\icudt53l\curr\en_IO.res" 146
"..\..\..\Engine\Content\Localization\ICU\icudt53l\en_JE.res" 147
"..\..\..\Engine\Content\Localization\ICU\icudt53l\curr\en_JE.res" 148
"..\..\..\Engine\Content\Localization\ICU\icudt53l\en_JM.res" 149
"..\..\..\Engine\Content\Localization\ICU\icudt53l\curr\en_JM.res" 150
"..\..\..\Engine\Content\Localization\ICU\icudt53l\en_KE.res" 151
"..\..\..\Engine\Content\Localization\ICU\icudt53l\curr\en_KE.res" 152
"..\..\..\Engine\Content\Localization\ICU\icudt53l\en_KI.res" 153
"..\..\..\Engine\Content\Localization\ICU\icudt53l\curr\en_KI.res" 154
"..\..\..\Engine\Content\Localization\ICU\icudt53l\en_KN.res" 155
"..\..\..\Engine\Content\Localization\ICU\icudt53l\curr\en_KN.res" 156
"..\..\..\Engine\Content\Localization\ICU\icudt53l\en_KY.res" 157
"..\..\..\Engine\Content\Localization\ICU\icudt53l\curr\en_KY.res" 158
"..\..\..\Engine\Content\Localization\ICU\icudt53l\en_LC.res" 159
"..\..\..\Engine\Content\Localization\ICU\icudt53l\curr\en_LC.res" 160
"..\..\..\Engine\Content\Localization\ICU\icudt53l\en_LR.res" 161
"..\..\..\Engine\Content\Localization\ICU\icudt53l\curr\en_LR.res" 162
"..\..\..\Engine\Content\Localization\ICU\icudt53l\en_LS.res" 163
"..\..\..\Engine\Content\Localization\ICU\icudt53l\curr\en_LS.res" 164
"..\..\..\Engine\Content\Localization\ICU\icudt53l\en_MG.res" 165
"..\..\..\Engine\Content\Localization\ICU\icudt53l\curr\en_MG.res" 166
"..\..\..\Engine\Content\Localization\ICU\icudt53l\en_MH.res" 167
"..\..\..\Engine\Content\Localization\ICU\icudt53l\en_MO.res" 168
"..\..\..\Engine\Content\Localization\ICU\icudt53l\curr\en_MO.res" 169
"..\..\..\Engine\Content\Localization\ICU\icudt53l\en_MP.res" 170
"..\..\..\Engine\Content\Localization\ICU\icudt53l\en_MS.res" 171
"..\..\..\Engine\Content\Localization\ICU\icudt53l\curr\en_MS.res" 172
"..\..\..\Engine\Content\Localization\ICU\icudt53l\en_MT.res" 173
"..\..\..\Engine\Content\Localization\ICU\icudt53l\curr\en_MT.res" 174
"..\..\..\Engine\Content\Localization\ICU\icudt53l\en_MU.res" 175
"..\..\..\Engine\Content\Localization\ICU\icudt53l\curr\en_MU.res" 176
"..\..\..\Engine\Content\Localization\ICU\icudt53l\en_MW.res" 177
"..\..\..\Engine\Content\Localization\ICU\icudt53l\curr\en_MW.res" 178
"..\..\..\Engine\Content\Localization\ICU\icudt53l\en_NA.res" 179
"..\..\..\Engine\Content\Localization\ICU\icudt53l\curr\en_NA.res" 180
"..\..\..\Engine\Content\Localization\ICU\icudt53l\en_NF.res" 181
"..\..\..\Engine\Content\Localization\ICU\icudt53l\curr\en_NF.res" 182
"..\..\..\Engine\Content\Localization\ICU\icudt53l\en_NG.res" 183
"..\..\..\Engine\Content\Localization\ICU\icudt53l\curr\en_NG.res" 184
"..\..\..\Engine\Content\Localization\ICU\icudt53l\en_NR.res" 185
"..\..\..\Engine\Content\Localization\ICU\icudt53l\curr\en_NR.res" 186
"..\..\..\Engine\Content\Localization\ICU\icudt53l\en_NU.res" 187
"..\..\..\Engine\Content\Localization\ICU\icudt53l\curr\en_NU.res" 188
"..\..\..\Engine\Content\Localization\ICU\icudt53l\en_NZ.res" 189
"..\..\..\Engine\Content\Localization\ICU\icudt53l\curr\en_NZ.res" 190
"..\..\..\Engine\Content\Localization\ICU\icudt53l\en_PG.res" 191
"..\..\..\Engine\Content\Localization\ICU\icudt53l\curr\en_PG.res" 192
"..\..\..\Engine\Content\Localization\ICU\icudt53l\en_PH.res" 193
"..\..\..\Engine\Content\Localization\ICU\icudt53l\curr\en_PH.res" 194
"..\..\..\Engine\Content\Localization\ICU\icudt53l\en_PK.res" 195
"..\..\..\Engine\Content\Localization\ICU\icudt53l\curr\en_PK.res" 196
"..\..\..\Engine\Content\Localization\ICU\icudt53l\en_PN.res" 197
"..\..\..\Engine\Content\Localization\ICU\icudt53l\curr\en_PN.res" 198
"..\..\..\Engine\Content\Localization\ICU\icudt53l\en_PR.res" 199
"..\..\..\Engine\Content\Localization\ICU\icudt53l\en_PW.res" 200
"..\..\..\Engine\Content\Localization\ICU\icudt53l\curr\en_PW.res" 201
"..\..\..\Engine\Content\Localization\ICU\icudt53l\en_RW.res" 202
"..\..\..\Engine\Content\Localization\ICU\icudt53l\curr\en_RW.res" 203
"..\..\..\Engine\Content\Localization\ICU\icudt53l\en_SB.res" 204
"..\..\..\Engine\Content\Localization\ICU\icudt53l\curr\en_SB.res" 205
"..\..\..\Engine\Content\Localization\ICU\icudt53l\en_SC.res" 206
"..\..\..\Engine\Content\Localization\ICU\icudt53l\curr\en_SC.res" 207
"..\..\..\Engine\Content\Localization\ICU\icudt53l\en_SD.res" 208
"..\..\..\Engine\Content\Localization\ICU\icudt53l\curr\en_SD.res" 209
"..\..\..\Engine\Content\Localization\ICU\icudt53l\en_SG.res" 210
"..\..\..\Engine\Content\Localization\ICU\icudt53l\curr\en_SG.res" 211
"..\..\..\Engine\Content\Localization\ICU\icudt53l\en_SH.res" 212
"..\..\..\Engine\Content\Localization\ICU\icudt53l\curr\en_SH.res" 213
"..\..\..\Engine\Content\Localization\ICU\icudt53l\en_SL.res" 214
"..\..\..\Engine\Content\Localization\ICU\icudt53l\curr\en_SL.res" 215
"..\..\..\Engine\Content\Localization\ICU\icudt53l\en_SS.res" 216
"..\..\..\Engine\Content\Localization\ICU\icudt53l\curr\en_SS.res" 217
"..\..\..\Engine\Content\Localization\ICU\icudt53l\en_SX.res" 218
"..\..\..\Engine\Content\Localization\ICU\icudt53l\curr\en_SX.res" 219
"..\..\..\Engine\Content\Localization\ICU\icudt53l\en_SZ.res" 220
"..\..\..\Engine\Content\Localization\ICU\icudt53l\curr\en_SZ.res" 221
"..\..\..\Engine\Content\Localization\ICU\icudt53l\en_TC.res" 222
"..\..\..\Engine\Content\Localization\ICU\icudt53l\curr\en_TC.res" 223
"..\..\..\Engine\Content\Localization\ICU\icudt53l\en_TK.res" 224
"..\..\..\Engine\Content\Localization\ICU\icudt53l\curr\en_TK.res" 225
"..\..\..\Engine\Content\Localization\ICU\icudt53l\en_TO.res" 226
"..\..\..\Engine\Content\Localization\ICU\icudt53l\curr\en_TO.res" 227
"..\..\..\Engine\Content\Localization\ICU\icudt53l\en_TT.res" 228
"..\..\..\Engine\Content\Localization\ICU\icudt53l\curr\en_TT.res" 229
"..\..\..\Engine\Content\Localization\ICU\icudt53l\en_TV.res" 230
"..\..\..\Engine\Content\Localization\ICU\icudt53l\curr\en_TV.res" 231
"..\..\..\Engine\Content\Localization\ICU\icudt53l\en_TZ.res" 232
"..\..\..\Engine\Content\Localization\ICU\icudt53l\curr\en_TZ.res" 233
"..\..\..\Engine\Content\Localization\ICU\icudt53l\en_UG.res" 234
"..\..\..\Engine\Content\Localization\ICU\icudt53l\curr\en_UG.res" 235
"..\..\..\Engine\Content\Localization\ICU\icudt53l\en_UM.res" 236
"..\..\..\Engine\Content\Localization\ICU\icudt53l\coll\en_US.res" 237
"..\..\..\Engine\Content\Localization\ICU\icudt53l\coll\en_US_POSIX.res" 238
"..\..\..\Engine\Content\Localization\ICU\icudt53l\en_US_POSIX.res" 239
"..\..\..\Engine\Content\Localization\ICU\icudt53l\en_VC.res" 240
"..\..\..\Engine\Content\Localization\ICU\icudt53l\curr\en_VC.res" 241
"..\..\..\Engine\Content\Localization\ICU\icudt53l\en_VG.res" 242
"..\..\..\Engine\Content\Localization\ICU\icudt53l\curr\en_VG.res" 243
"..\..\..\Engine\Content\Localization\ICU\icudt53l\en_VI.res" 244
"..\..\..\Engine\Content\Localization\ICU\icudt53l\en_VU.res" 245
"..\..\..\Engine\Content\Localization\ICU\icudt53l\curr\en_VU.res" 246
"..\..\..\Engine\Content\Localization\ICU\icudt53l\en_WS.res" 247
"..\..\..\Engine\Content\Localization\ICU\icudt53l\curr\en_WS.res" 248
"..\..\..\Engine\Content\Localization\ICU\icudt53l\en_ZA.res" 249
"..\..\..\Engine\Content\Localization\ICU\icudt53l\curr\en_ZA.res" 250
"..\..\..\Engine\Content\Localization\ICU\icudt53l\en_ZM.res" 251
"..\..\..\Engine\Content\Localization\ICU\icudt53l\curr\en_ZM.res" 252
"..\..\..\Engine\Content\Localization\ICU\icudt53l\en_ZW.res" 253
"..\..\..\Engine\Content\Localization\ICU\icudt53l\curr\en_ZW.res" 254
"..\..\..\Engine\Content\Localization\ICU\icudt53l\coll\es.res" 255
"..\..\..\Engine\Content\Localization\ICU\icudt53l\es.res" 256
"..\..\..\Engine\Content\Localization\ICU\icudt53l\curr\es.res" 257
"..\..\..\Engine\Content\Localization\ICU\icudt53l\es_ES.res" 258
"..\..\..\Engine\Content\Localization\ICU\icudt53l\es_419.res" 259
"..\..\..\Engine\Content\Localization\ICU\icudt53l\es_AR.res" 260
"..\..\..\Engine\Content\Localization\ICU\icudt53l\curr\es_AR.res" 261
"..\..\..\Engine\Content\Localization\ICU\icudt53l\es_BO.res" 262
"..\..\..\Engine\Content\Localization\ICU\icudt53l\curr\es_BO.res" 263
"..\..\..\Engine\Content\Localization\ICU\icudt53l\es_CL.res" 264
"..\..\..\Engine\Content\Localization\ICU\icudt53l\curr\es_CL.res" 265
"..\..\..\Engine\Content\Localization\ICU\icudt53l\es_CO.res" 266
"..\..\..\Engine\Content\Localization\ICU\icudt53l\curr\es_CO.res" 267
"..\..\..\Engine\Content\Localization\ICU\icudt53l\es_CR.res" 268
"..\..\..\Engine\Content\Localization\ICU\icudt53l\curr\es_CR.res" 269
"..\..\..\Engine\Content\Localization\ICU\icudt53l\es_CU.res" 270
"..\..\..\Engine\Content\Localization\ICU\icudt53l\curr\es_CU.res" 271
"..\..\..\Engine\Content\Localization\ICU\icudt53l\es_DO.res" 272
"..\..\..\Engine\Content\Localization\ICU\icudt53l\curr\es_DO.res" 273
"..\..\..\Engine\Content\Localization\ICU\icudt53l\es_EA.res" 274
"..\..\..\Engine\Content\Localization\ICU\icudt53l\es_EC.res" 275
"..\..\..\Engine\Content\Localization\ICU\icudt53l\curr\es_EC.res" 276
"..\..\..\Engine\Content\Localization\ICU\icudt53l\es_GQ.res" 277
"..\..\..\Engine\Content\Localization\ICU\icudt53l\es_GT.res" 278
"..\..\..\Engine\Content\Localization\ICU\icudt53l\curr\es_GT.res" 279
"..\..\..\Engine\Content\Localization\ICU\icudt53l\es_HN.res" 280
"..\..\..\Engine\Content\Localization\ICU\icudt53l\curr\es_HN.res" 281
"..\..\..\Engine\Content\Localization\ICU\icudt53l\es_IC.res" 282
"..\..\..\Engine\Content\Localization\ICU\icudt53l\es_MX.res" 283
"..\..\..\Engine\Content\Localization\ICU\icudt53l\curr\es_MX.res" 284
"..\..\..\Engine\Content\Localization\ICU\icudt53l\es_NI.res" 285
"..\..\..\Engine\Content\Localization\ICU\icudt53l\curr\es_NI.res" 286
"..\..\..\Engine\Content\Localization\ICU\icudt53l\es_PA.res" 287
"..\..\..\Engine\Content\Localization\ICU\icudt53l\curr\es_PA.res" 288
"..\..\..\Engine\Content\Localization\ICU\icudt53l\es_PE.res" 289
"..\..\..\Engine\Content\Localization\ICU\icudt53l\curr\es_PE.res" 290
"..\..\..\Engine\Content\Localization\ICU\icudt53l\es_PH.res" 291
"..\..\..\Engine\Content\Localization\ICU\icudt53l\curr\es_PH.res" 292
"..\..\..\Engine\Content\Localization\ICU\icudt53l\es_PR.res" 293
"..\..\..\Engine\Content\Localization\ICU\icudt53l\curr\es_PR.res" 294
"..\..\..\Engine\Content\Localization\ICU\icudt53l\es_PY.res" 295
"..\..\..\Engine\Content\Localization\ICU\icudt53l\curr\es_PY.res" 296
"..\..\..\Engine\Content\Localization\ICU\icudt53l\es_SV.res" 297
"..\..\..\Engine\Content\Localization\ICU\icudt53l\curr\es_SV.res" 298
"..\..\..\Engine\Content\Localization\ICU\icudt53l\es_US.res" 299
"..\..\..\Engine\Content\Localization\ICU\icudt53l\curr\es_US.res" 300
"..\..\..\Engine\Content\Localization\ICU\icudt53l\es_UY.res" 301
"..\..\..\Engine\Content\Localization\ICU\icudt53l\curr\es_UY.res" 302
"..\..\..\Engine\Content\Localization\ICU\icudt53l\es_VE.res" 303
"..\..\..\Engine\Content\Localization\ICU\icudt53l\curr\es_VE.res" 304
"..\..\..\Engine\Content\Localization\ICU\icudt53l\coll\fr.res" 305
"..\..\..\Engine\Content\Localization\ICU\icudt53l\fr.res" 306
"..\..\..\Engine\Content\Localization\ICU\icudt53l\curr\fr.res" 307
"..\..\..\Engine\Content\Localization\ICU\icudt53l\fr_FR.res" 308
"..\..\..\Engine\Content\Localization\ICU\icudt53l\fr_BE.res" 309
"..\..\..\Engine\Content\Localization\ICU\icudt53l\fr_BF.res" 310
"..\..\..\Engine\Content\Localization\ICU\icudt53l\fr_BI.res" 311
"..\..\..\Engine\Content\Localization\ICU\icudt53l\curr\fr_BI.res" 312
"..\..\..\Engine\Content\Localization\ICU\icudt53l\fr_BJ.res" 313
"..\..\..\Engine\Content\Localization\ICU\icudt53l\fr_BL.res" 314
"..\..\..\Engine\Content\Localization\ICU\icudt53l\coll\fr_CA.res" 315
"..\..\..\Engine\Content\Localization\ICU\icudt53l\fr_CA.res" 316
"..\..\..\Engine\Content\Localization\ICU\icudt53l\curr\fr_CA.res" 317
"..\..\..\Engine\Content\Localization\ICU\icudt53l\fr_CD.res" 318
"..\..\..\Engine\Content\Localization\ICU\icudt53l\curr\fr_CD.res" 319
"..\..\..\Engine\Content\Localization\ICU\icudt53l\fr_CF.res" 320
"..\..\..\Engine\Content\Localization\ICU\icudt53l\fr_CG.res" 321
"..\..\..\Engine\Content\Localization\ICU\icudt53l\fr_CH.res" 322
"..\..\..\Engine\Content\Localization\ICU\icudt53l\curr\fr_CH.res" 323
"..\..\..\Engine\Content\Localization\ICU\icudt53l\fr_CI.res" 324
"..\..\..\Engine\Content\Localization\ICU\icudt53l\fr_CM.res" 325
"..\..\..\Engine\Content\Localization\ICU\icudt53l\fr_DJ.res" 326
"..\..\..\Engine\Content\Localization\ICU\icudt53l\curr\fr_DJ.res" 327
"..\..\..\Engine\Content\Localization\ICU\icudt53l\fr_DZ.res" 328
"..\..\..\Engine\Content\Localization\ICU\icudt53l\curr\fr_DZ.res" 329
"..\..\..\Engine\Content\Localization\ICU\icudt53l\fr_GA.res" 330
"..\..\..\Engine\Content\Localization\ICU\icudt53l\fr_GF.res" 331
"..\..\..\Engine\Content\Localization\ICU\icudt53l\fr_GN.res" 332
"..\..\..\Engine\Content\Localization\ICU\icudt53l\curr\fr_GN.res" 333
"..\..\..\Engine\Content\Localization\ICU\icudt53l\fr_GP.res" 334
"..\..\..\Engine\Content\Localization\ICU\icudt53l\fr_GQ.res" 335
"..\..\..\Engine\Content\Localization\ICU\icudt53l\fr_HT.res" 336
"..\..\..\Engine\Content\Localization\ICU\icudt53l\curr\fr_HT.res" 337
"..\..\..\Engine\Content\Localization\ICU\icudt53l\fr_KM.res" 338
"..\..\..\Engine\Content\Localization\ICU\icudt53l\curr\fr_KM.res" 339
"..\..\..\Engine\Content\Localization\ICU\icudt53l\fr_LU.res" 340
"..\..\..\Engine\Content\Localization\ICU\icudt53l\curr\fr_LU.res" 341
"..\..\..\Engine\Content\Localization\ICU\icudt53l\fr_MA.res" 342
"..\..\..\Engine\Content\Localization\ICU\icudt53l\fr_MC.res" 343
"..\..\..\Engine\Content\Localization\ICU\icudt53l\fr_MF.res" 344
"..\..\..\Engine\Content\Localization\ICU\icudt53l\fr_MG.res" 345
"..\..\..\Engine\Content\Localization\ICU\icudt53l\curr\fr_MG.res" 346
"..\..\..\Engine\Content\Localization\ICU\icudt53l\fr_ML.res" 347
"..\..\..\Engine\Content\Localization\ICU\icudt53l\fr_MQ.res" 348
"..\..\..\Engine\Content\Localization\ICU\icudt53l\fr_MR.res" 349
"..\..\..\Engine\Content\Localization\ICU\icudt53l\curr\fr_MR.res" 350
"..\..\..\Engine\Content\Localization\ICU\icudt53l\fr_MU.res" 351
"..\..\..\Engine\Content\Localization\ICU\icudt53l\curr\fr_MU.res" 352
"..\..\..\Engine\Content\Localization\ICU\icudt53l\fr_NC.res" 353
"..\..\..\Engine\Content\Localization\ICU\icudt53l\fr_NE.res" 354
"..\..\..\Engine\Content\Localization\ICU\icudt53l\fr_PF.res" 355
"..\..\..\Engine\Content\Localization\ICU\icudt53l\fr_PM.res" 356
"..\..\..\Engine\Content\Localization\ICU\icudt53l\fr_RE.res" 357
"..\..\..\Engine\Content\Localization\ICU\icudt53l\fr_RW.res" 358
"..\..\..\Engine\Content\Localization\ICU\icudt53l\curr\fr_RW.res" 359
"..\..\..\Engine\Content\Localization\ICU\icudt53l\fr_SC.res" 360
"..\..\..\Engine\Content\Localization\ICU\icudt53l\curr\fr_SC.res" 361
"..\..\..\Engine\Content\Localization\ICU\icudt53l\fr_SN.res" 362
"..\..\..\Engine\Content\Localization\ICU\icudt53l\fr_SY.res" 363
"..\..\..\Engine\Content\Localization\ICU\icudt53l\curr\fr_SY.res" 364
"..\..\..\Engine\Content\Localization\ICU\icudt53l\fr_TD.res" 365
"..\..\..\Engine\Content\Localization\ICU\icudt53l\fr_TG.res" 366
"..\..\..\Engine\Content\Localization\ICU\icudt53l\fr_TN.res" 367
"..\..\..\Engine\Content\Localization\ICU\icudt53l\curr\fr_TN.res" 368
"..\..\..\Engine\Content\Localization\ICU\icudt53l\fr_VU.res" 369
"..\..\..\Engine\Content\Localization\ICU\icudt53l\curr\fr_VU.res" 370
"..\..\..\Engine\Content\Localization\ICU\icudt53l\fr_WF.res" 371
"..\..\..\Engine\Content\Localization\ICU\icudt53l\fr_YT.res" 372
"..\..\..\Engine\Content\Localization\ICU\icudt53l\coll\hi.res" 373
"..\..\..\Engine\Content\Localization\ICU\icudt53l\hi.res" 374
"..\..\..\Engine\Content\Localization\ICU\icudt53l\curr\hi.res" 375
"..\..\..\Engine\Content\Localization\ICU\icudt53l\hi_IN.res" 376
"..\..\..\Engine\Content\Localization\ICU\icudt53l\coll\it.res" 377
"..\..\..\Engine\Content\Localization\ICU\icudt53l\it.res" 378
"..\..\..\Engine\Content\Localization\ICU\icudt53l\curr\it.res" 379
"..\..\..\Engine\Content\Localization\ICU\icudt53l\it_IT.res" 380
"..\..\..\Engine\Content\Localization\ICU\icudt53l\it_CH.res" 381
"..\..\..\Engine\Content\Localization\ICU\icudt53l\curr\it_CH.res" 382
"..\..\..\Engine\Content\Localization\ICU\icudt53l\it_SM.res" 383
"..\..\..\Engine\Content\Localization\ICU\icudt53l\coll\ja.res" 384
"..\..\..\Engine\Content\Localization\ICU\icudt53l\ja.res" 385
"..\..\..\Engine\Content\Localization\ICU\icudt53l\curr\ja.res" 386
"..\..\..\Engine\Content\Localization\ICU\icudt53l\ja_JP.res" 387
"..\..\..\Engine\Content\Localization\ICU\icudt53l\curr\ja_JP.res" 388
"..\..\..\Engine\Content\Localization\ICU\icudt53l\coll\ko.res" 389
"..\..\..\Engine\Content\Localization\ICU\icudt53l\ko.res" 390
"..\..\..\Engine\Content\Localization\ICU\icudt53l\curr\ko.res" 391
"..\..\..\Engine\Content\Localization\ICU\icudt53l\ko_KR.res" 392
"..\..\..\Engine\Content\Localization\ICU\icudt53l\ko_KP.res" 393
"..\..\..\Engine\Content\Localization\ICU\icudt53l\coll\leet.res" 394
"..\..\..\Engine\Content\Localization\ICU\icudt53l\leet.res" 395
"..\..\..\Engine\Content\Localization\ICU\icudt53l\curr\leet.res" 396
"..\..\..\Engine\Content\Localization\ICU\icudt53l\coll\pl.res" 397
"..\..\..\Engine\Content\Localization\ICU\icudt53l\pl.res" 398
"..\..\..\Engine\Content\Localization\ICU\icudt53l\curr\pl.res" 399
"..\..\..\Engine\Content\Localization\ICU\icudt53l\pl_PL.res" 400
"..\..\..\Engine\Content\Localization\ICU\icudt53l\coll\pt.res" 401
"..\..\..\Engine\Content\Localization\ICU\icudt53l\pt.res" 402
"..\..\..\Engine\Content\Localization\ICU\icudt53l\curr\pt.res" 403
"..\..\..\Engine\Content\Localization\ICU\icudt53l\pt_BR.res" 404
"..\..\..\Engine\Content\Localization\ICU\icudt53l\pt_AO.res" 405
"..\..\..\Engine\Content\Localization\ICU\icudt53l\pt_PT.res" 406
"..\..\..\Engine\Content\Localization\ICU\icudt53l\curr\pt_AO.res" 407
"..\..\..\Engine\Content\Localization\ICU\icudt53l\curr\pt_PT.res" 408
"..\..\..\Engine\Content\Localization\ICU\icudt53l\pt_CV.res" 409
"..\..\..\Engine\Content\Localization\ICU\icudt53l\curr\pt_CV.res" 410
"..\..\..\Engine\Content\Localization\ICU\icudt53l\pt_GW.res" 411
"..\..\..\Engine\Content\Localization\ICU\icudt53l\curr\pt_GW.res" 412
"..\..\..\Engine\Content\Localization\ICU\icudt53l\pt_MO.res" 413
"..\..\..\Engine\Content\Localization\ICU\icudt53l\curr\pt_MO.res" 414
"..\..\..\Engine\Content\Localization\ICU\icudt53l\pt_MZ.res" 415
"..\..\..\Engine\Content\Localization\ICU\icudt53l\curr\pt_MZ.res" 416
"..\..\..\Engine\Content\Localization\ICU\icudt53l\pt_ST.res" 417
"..\..\..\Engine\Content\Localization\ICU\icudt53l\curr\pt_ST.res" 418
"..\..\..\Engine\Content\Localization\ICU\icudt53l\pt_TL.res" 419
"..\..\..\Engine\Content\Localization\ICU\icudt53l\curr\pt_TL.res" 420
"..\..\..\Engine\Content\Localization\ICU\icudt53l\coll\ru.res" 421
"..\..\..\Engine\Content\Localization\ICU\icudt53l\ru.res" 422
"..\..\..\Engine\Content\Localization\ICU\icudt53l\curr\ru.res" 423
"..\..\..\Engine\Content\Localization\ICU\icudt53l\ru_RU.res" 424
"..\..\..\Engine\Content\Localization\ICU\icudt53l\ru_BY.res" 425
"..\..\..\Engine\Content\Localization\ICU\icudt53l\curr\ru_BY.res" 426
"..\..\..\Engine\Content\Localization\ICU\icudt53l\ru_KG.res" 427
"..\..\..\Engine\Content\Localization\ICU\icudt53l\curr\ru_KG.res" 428
"..\..\..\Engine\Content\Localization\ICU\icudt53l\ru_KZ.res" 429
"..\..\..\Engine\Content\Localization\ICU\icudt53l\curr\ru_KZ.res" 430
"..\..\..\Engine\Content\Localization\ICU\icudt53l\ru_MD.res" 431
"..\..\..\Engine\Content\Localization\ICU\icudt53l\curr\ru_MD.res" 432
"..\..\..\Engine\Content\Localization\ICU\icudt53l\ru_UA.res" 433
"..\..\..\Engine\Content\Localization\ICU\icudt53l\coll\sv.res" 434
"..\..\..\Engine\Content\Localization\ICU\icudt53l\sv.res" 435
"..\..\..\Engine\Content\Localization\ICU\icudt53l\curr\sv.res" 436
"..\..\..\Engine\Content\Localization\ICU\icudt53l\sv_SE.res" 437
"..\..\..\Engine\Content\Localization\ICU\icudt53l\sv_AX.res" 438
"..\..\..\Engine\Content\Localization\ICU\icudt53l\sv_FI.res" 439
"..\..\..\Engine\Content\Localization\ICU\icudt53l\coll\zh.res" 440
"..\..\..\Engine\Content\Localization\ICU\icudt53l\zh.res" 441
"..\..\..\Engine\Content\Localization\ICU\icudt53l\curr\zh.res" 442
"..\..\..\Engine\Content\Localization\ICU\icudt53l\zh_CN.res" 443
"..\..\..\Engine\Content\Localization\ICU\icudt53l\zh_Hans_CN.res" 444
"..\..\..\Engine\Content\Localization\ICU\icudt53l\zh_Hans.res" 445
"..\..\..\Engine\Content\Localization\ICU\icudt53l\coll\zh_Hans.res" 446
"..\..\..\Engine\Content\Localization\ICU\icudt53l\curr\zh_Hans.res" 447
"..\..\..\Engine\Content\Localization\ICU\icudt53l\coll\zh_Hans_CN.res" 448
"..\..\..\Engine\Content\Localization\ICU\icudt53l\curr\zh_Hans_CN.res" 449
"..\..\..\Engine\Content\Localization\ICU\icudt53l\zh_Hans_HK.res" 450
"..\..\..\Engine\Content\Localization\ICU\icudt53l\curr\zh_Hans_HK.res" 451
"..\..\..\Engine\Content\Localization\ICU\icudt53l\zh_Hans_MO.res" 452
"..\..\..\Engine\Content\Localization\ICU\icudt53l\curr\zh_Hans_MO.res" 453
"..\..\..\Engine\Content\Localization\ICU\icudt53l\coll\zh_Hans_SG.res" 454
"..\..\..\Engine\Content\Localization\ICU\icudt53l\zh_Hans_SG.res" 455
"..\..\..\Engine\Content\Localization\ICU\icudt53l\curr\zh_Hans_SG.res" 456
"..\..\..\Engine\Content\Localization\ICU\icudt53l\zh_SG.res" 457
"..\..\..\Engine\Content\Localization\ICU\icudt53l\coll\zh_Hant.res" 458
"..\..\..\Engine\Content\Localization\ICU\icudt53l\zh_Hant.res" 459
"..\..\..\Engine\Content\Localization\ICU\icudt53l\curr\zh_Hant.res" 460
"..\..\..\Engine\Content\Localization\ICU\icudt53l\zh_TW.res" 461
"..\..\..\Engine\Content\Localization\ICU\icudt53l\zh_Hant_TW.res" 462
"..\..\..\Engine\Content\Localization\ICU\icudt53l\coll\zh_Hant_HK.res" 463
"..\..\..\Engine\Content\Localization\ICU\icudt53l\zh_Hant_HK.res" 464
"..\..\..\Engine\Content\Localization\ICU\icudt53l\curr\zh_Hant_HK.res" 465
"..\..\..\Engine\Content\Localization\ICU\icudt53l\zh_HK.res" 466
"..\..\..\Engine\Content\Localization\ICU\icudt53l\coll\zh_Hant_MO.res" 467
"..\..\..\Engine\Content\Localization\ICU\icudt53l\zh_Hant_MO.res" 468
"..\..\..\Engine\Content\Localization\ICU\icudt53l\curr\zh_Hant_MO.res" 469
"..\..\..\Engine\Content\Localization\ICU\icudt53l\zh_MO.res" 470
"..\..\..\Engine\Content\Localization\ICU\icudt53l\coll\zh_Hant_TW.res" 471
"..\..\..\Engine\Content\Localization\ICU\icudt53l\curr\zh_Hant_TW.res" 472
"../../../Engine/Config/Base.ini" 473
"../../../Engine/Config/BaseEngine.ini" 474
"../../../../../../Users/Alex/Documents/GitHub/hyperion/Config/DefaultEngine.ini" 475
"../../../Engine/Config/Windows/WindowsEngine.ini" 476
"C:/Users/Alex/Documents/GitHub/hyperion/Saved/Config/Windows/Engine.ini" 477
"../../../../../../Users/Alex/Documents/GitHub/hyperion/Saved/Config/CleanSourceConfigs/Engine.ini" 478
"../../../Engine/Config/BaseGame.ini" 479
"C:/Users/Alex/Documents/GitHub/hyperion/Saved/Config/Windows/Game.ini" 480
"../../../../../../Users/Alex/Documents/GitHub/hyperion/Saved/Config/CleanSourceConfigs/Game.ini" 481
"../../../Engine/Config/BaseInput.ini" 482
"../../../../../../Users/Alex/Documents/GitHub/hyperion/Config/DefaultInput.ini" 483
"C:/Users/Alex/Documents/GitHub/hyperion/Saved/Config/Windows/Input.ini" 484
"../../../../../../Users/Alex/Documents/GitHub/hyperion/Saved/Config/CleanSourceConfigs/Input.ini" 485
"../../../Engine/Config/BaseEditor.ini" 486
"../../../../../../Users/Alex/Documents/GitHub/hyperion/Config/DefaultEditor.ini" 487
"C:/Users/Alex/Documents/GitHub/hyperion/Saved/Config/Windows/Editor.ini" 488
"../../../../../../Users/Alex/Documents/GitHub/hyperion/Saved/Config/CleanSourceConfigs/Editor.ini" 489
"../../../Engine/Config/BaseEditorLayout.ini" 490
"C:/Users/Alex/Documents/GitHub/hyperion/Saved/Config/Windows/EditorLayout.ini" 491
"../../../../../../Users/Alex/Documents/GitHub/hyperion/Saved/Config/CleanSourceConfigs/EditorLayout.ini" 492
"../../../Engine/Config/BaseEditorUserSettings.ini" 493
"C:/Users/Alex/Documents/GitHub/hyperion/Saved/Config/Windows/EditorUserSettings.ini" 494
"../../../../../../Users/Alex/Documents/GitHub/hyperion/Saved/Config/CleanSourceConfigs/EditorUserSettings.ini" 495
"../../../Engine/Config/BaseEditorKeyBindings.ini" 496
"C:/Users/Alex/Documents/GitHub/hyperion/Saved/Config/Windows/EditorKeyBindings.ini" 497
"../../../../../../Users/Alex/Documents/GitHub/hyperion/Saved/Config/CleanSourceConfigs/EditorKeyBindings.ini" 498
"../../../Engine/Config/BaseCompat.ini" 499
"C:/Users/Alex/Documents/GitHub/hyperion/Saved/Config/Windows/Compat.ini" 500
"../../../../../../Users/Alex/Documents/GitHub/hyperion/Saved/Config/CleanSourceConfigs/Compat.ini" 501
"../../../Engine/Config/BaseLightmass.ini" 502
"C:/Users/Alex/Documents/GitHub/hyperion/Saved/Config/Windows/Lightmass.ini" 503
"../../../../../../Users/Alex/Documents/GitHub/hyperion/Saved/Config/CleanSourceConfigs/Lightmass.ini" 504
"../../../Engine/Config/BaseScalability.ini" 505
"C:/Users/Alex/Documents/GitHub/hyperion/Saved/Config/Windows/Scalability.ini" 506
"../../../../../../Users/Alex/Documents/GitHub/hyperion/Saved/Config/CleanSourceConfigs/Scalability.ini" 507
"C:/Users/Alex/Documents/GitHub/hyperion/Saved/Config/Windows/GameUserSettings.ini" 508
"../../../../../../Users/Alex/Documents/GitHub/hyperion/Saved/Config/CleanSourceConfigs/GameUserSettings.ini" 509
"../../../Engine/Config/BaseDeviceProfiles.ini" 510
"C:/Users/Alex/Documents/GitHub/hyperion/Saved/Config/Windows/DeviceProfiles.ini" 511
"../../../../../../Users/Alex/Documents/GitHub/hyperion/Saved/Config/CleanSourceConfigs/DeviceProfiles.ini" 512
"../../../Engine/Config/ConsoleVariables.ini" 513
"C:/Program Files/Epic Games/4.5/Engine/Content/Localization/Editor/en/Editor.locres" 514
"C:/Program Files/Epic Games/4.5/Engine/Content/Localization/EditorTutorials/en/EditorTutorials.locres" 515
"C:/Program Files/Epic Games/4.5/Engine/Content/Localization/Engine/en/Engine.locres" 516
"C:/Program Files/Epic Games/4.5/Engine/Binaries/Win64/../../../Engine/Shaders/ParticleSpriteVertexFactory.usf" 517
"C:/Program Files/Epic Games/4.5/Engine/Binaries/Win64/../../../Engine/Shaders/VertexFactoryCommon.usf" 518
"C:/Program Files/Epic Games/4.5/Engine/Binaries/Win64/../../../Engine/Shaders/Common.usf" 519
"C:/Program Files/Epic Games/4.5/Engine/Binaries/Win64/../../../Engine/Shaders/ShaderVersion.usf" 520
"C:/Program Files/Epic Games/4.5/Engine/Binaries/Win64/../../../Engine/Shaders/Definitions.usf" 521
"C:/Program Files/Epic Games/4.5/Engine/Binaries/Win64/../../../Engine/Shaders/Random.usf" 522
"C:/Program Files/Epic Games/4.5/Engine/Binaries/Win64/../../../Engine/Shaders/ParticleVertexFactoryCommon.usf" 523
"C:/Program Files/Epic Games/4.5/Engine/Binaries/Win64/../../../Engine/Shaders/ParticleGPUSpriteVertexFactory.usf" 524
"C:/Program Files/Epic Games/4.5/Engine/Binaries/Win64/../../../Engine/Shaders/ParticleBeamTrailVertexFactory.usf" 525
"C:/Program Files/Epic Games/4.5/Engine/Binaries/Win64/../../../Engine/Shaders/LandscapeVertexFactory.usf" 526
"C:/Program Files/Epic Games/4.5/Engine/Binaries/Win64/../../../Engine/Shaders/VectorFieldVisualizationVertexFactory.usf" 527
"C:/Program Files/Epic Games/4.5/Engine/Binaries/Win64/../../../Engine/Shaders/LocalVertexFactory.usf" 528
"C:/Program Files/Epic Games/4.5/Engine/Binaries/Win64/../../../Engine/Shaders/LocalVertexFactoryCommon.usf" 529
"C:/Program Files/Epic Games/4.5/Engine/Binaries/Win64/../../../Engine/Shaders/MeshParticleVertexFactory.usf" 530
"C:/Program Files/Epic Games/4.5/Engine/Binaries/Win64/../../../Engine/Shaders/GpuSkinVertexFactory.usf" 531
"C:/Program Files/Epic Games/4.5/Engine/Binaries/Win64/../../../Engine/Shaders/GpuSkinCacheCommon.usf" 532
"C:/Program Files/Epic Games/4.5/Engine/Binaries/Win64/../../../Engine/Shaders/SlateElementPixelShader.usf" 533
"C:/Program Files/Epic Games/4.5/Engine/Binaries/Win64/../../../Engine/Shaders/MaterialTemplate.usf" 534
"C:/Program Files/Epic Games/4.5/Engine/Binaries/Win64/../../../Engine/Shaders/DepthOfFieldCommon.usf" 535
"C:/Program Files/Epic Games/4.5/Engine/Binaries/Win64/../../../Engine/Shaders/SpeedTreeCommon.usf" 536
"C:/Program Files/Epic Games/4.5/Engine/Binaries/Win64/../../../Engine/Shaders/AtmosphereCommon.usf" 537
"C:/Program Files/Epic Games/4.5/Engine/Binaries/Win64/../../../Engine/Shaders/PostProcessCommon.usf" 538
"C:/Program Files/Epic Games/4.5/Engine/Binaries/Win64/../../../Engine/Shaders/DeferredShadingCommon.usf" 539
"C:/Program Files/Epic Games/4.5/Engine/Binaries/Win64/../../../Engine/Shaders/LightAccumulator.usf" 540
"C:/Program Files/Epic Games/4.5/Engine/Binaries/Win64/../../../Engine/Shaders/SlateVertexShader.usf" 541
"C:/Program Files/Epic Games/4.5/Engine/Binaries/Win64/../../../Engine/Shaders/OneColorShader.usf" 542
"C:/Program Files/Epic Games/4.5/Engine/Binaries/Win64/../../../Engine/Shaders/ResolveVertexShader.usf" 543
"C:/Program Files/Epic Games/4.5/Engine/Binaries/Win64/../../../Engine/Shaders/ResolvePixelShader.usf" 544
"C:/Program Files/Epic Games/4.5/Engine/Binaries/Win64/../../../Engine/Shaders/VisualizeTexture.usf" 545
"C:/Program Files/Epic Games/4.5/Engine/Binaries/Win64/../../../Engine/Shaders/ScreenSpaceReflections.usf" 546
"C:/Program Files/Epic Games/4.5/Engine/Binaries/Win64/../../../Engine/Shaders/BRDF.usf" 547
"C:/Program Files/Epic Games/4.5/Engine/Binaries/Win64/../../../Engine/Shaders/MonteCarlo.usf" 548
"C:/Program Files/Epic Games/4.5/Engine/Binaries/Win64/../../../Engine/Shaders/FilterVertexShader.usf" 549
"C:/Program Files/Epic Games/4.5/Engine/Binaries/Win64/../../../Engine/Shaders/FilterPixelShader.usf" 550
"C:/Program Files/Epic Games/4.5/Engine/Binaries/Win64/../../../Engine/Shaders/PostProcessVisualizeHDR.usf" 551
"C:/Program Files/Epic Games/4.5/Engine/Binaries/Win64/../../../Engine/Shaders/PostProcessHistogramCommon.usf" 552
"C:/Program Files/Epic Games/4.5/Engine/Binaries/Win64/../../../Engine/Shaders/TonemapCommon.usf" 553
"C:/Program Files/Epic Games/4.5/Engine/Binaries/Win64/../../../Engine/Shaders/MiniFontCommon.usf" 554
"C:/Program Files/Epic Games/4.5/Engine/Binaries/Win64/../../../Engine/Shaders/PostProcessVisualizeBuffer.usf" 555
"C:/Program Files/Epic Games/4.5/Engine/Binaries/Win64/../../../Engine/Shaders/PostProcessUpscale.usf" 556
"C:/Program Files/Epic Games/4.5/Engine/Binaries/Win64/../../../Engine/Shaders/PostProcessTonemap.usf" 557
"C:/Program Files/Epic Games/4.5/Engine/Binaries/Win64/../../../Engine/Shaders/PostProcessTestImage.usf" 558
"C:/Program Files/Epic Games/4.5/Engine/Binaries/Win64/../../../Engine/Shaders/PostProcessTemporalAA.usf" 559
"C:/Program Files/Epic Games/4.5/Engine/Binaries/Win64/../../../Engine/Shaders/PostProcessTemporalCommon.usf" 560
"C:/Program Files/Epic Games/4.5/Engine/Binaries/Win64/../../../Engine/Shaders/PostProcessSubsurface.usf" 561
"C:/Program Files/Epic Games/4.5/Engine/Binaries/Win64/../../../Engine/Shaders/SeparableSSS.usf" 562
"C:/Program Files/Epic Games/4.5/Engine/Binaries/Win64/../../../Engine/Shaders/PostProcessSelectionOutline.usf" 563
"C:/Program Files/Epic Games/4.5/Engine/Binaries/Win64/../../../Engine/Shaders/PostProcessSceneColorFringe.usf" 564
"C:/Program Files/Epic Games/4.5/Engine/Binaries/Win64/../../../Engine/Shaders/PostProcessNoiseBlur.usf" 565
"C:/Program Files/Epic Games/4.5/Engine/Binaries/Win64/../../../Engine/Shaders/PostProcessMotionBlur.usf" 566
"C:/Program Files/Epic Games/4.5/Engine/Binaries/Win64/../../../Engine/Shaders/MorpheusInclude.usf" 567
"C:/Program Files/Epic Games/4.5/Engine/Binaries/Win64/../../../Engine/Shaders/PostProcessMobile.usf" 568
"C:/Program Files/Epic Games/4.5/Engine/Binaries/Win64/../../../Engine/Shaders/PostProcessMaterialShaders.usf" 569
"C:/Program Files/Epic Games/4.5/Engine/Binaries/Win64/../../../Engine/Shaders/PostProcessLensFlares.usf" 570
"C:/Program Files/Epic Games/4.5/Engine/Binaries/Win64/../../../Engine/Shaders/PostProcessLensBlur.usf" 571
"C:/Program Files/Epic Games/4.5/Engine/Binaries/Win64/../../../Engine/Shaders/PostProcessBloom.usf" 572
"C:/Program Files/Epic Games/4.5/Engine/Binaries/Win64/../../../Engine/Shaders/PostProcessHMD.usf" 573
"C:/Program Files/Epic Games/4.5/Engine/Binaries/Win64/../../../Engine/Shaders/PostProcessHistogramReduce.usf" 574
"C:/Program Files/Epic Games/4.5/Engine/Binaries/Win64/../../../Engine/Shaders/PostProcessHistogram.usf" 575
"C:/Program Files/Epic Games/4.5/Engine/Binaries/Win64/../../../Engine/Shaders/PostProcessGBufferHints.usf" 576
"C:/Program Files/Epic Games/4.5/Engine/Binaries/Win64/../../../Engine/Shaders/PostProcessEyeAdaptation.usf" 577
"C:/Program Files/Epic Games/4.5/Engine/Binaries/Win64/../../../Engine/Shaders/PostProcessDownsample.usf" 578
"C:/Program Files/Epic Games/4.5/Engine/Binaries/Win64/../../../Engine/Shaders/PostProcessDOF.usf" 579
"C:/Program Files/Epic Games/4.5/Engine/Binaries/Win64/../../../Engine/Shaders/PostProcessCompositeEditorPrimitives.usf" 580
"C:/Program Files/Epic Games/4.5/Engine/Binaries/Win64/../../../Engine/Shaders/PostProcessCombineLUTs.usf" 581
"C:/Program Files/Epic Games/4.5/Engine/Binaries/Win64/../../../Engine/Shaders/PostProcessBusyWait.usf" 582
"C:/Program Files/Epic Games/4.5/Engine/Binaries/Win64/../../../Engine/Shaders/PostProcessBokehDOF.usf" 583
"C:/Program Files/Epic Games/4.5/Engine/Binaries/Win64/../../../Engine/Shaders/FXAAShader.usf" 584
"C:/Program Files/Epic Games/4.5/Engine/Binaries/Win64/../../../Engine/Shaders/Fxaa3_11.usf" 585
"C:/Program Files/Epic Games/4.5/Engine/Binaries/Win64/../../../Engine/Shaders/PostProcessPassThrough.usf" 586
"C:/Program Files/Epic Games/4.5/Engine/Binaries/Win64/../../../Engine/Shaders/PostProcessLpvIndirect.usf" 587
"C:/Program Files/Epic Games/4.5/Engine/Binaries/Win64/../../../Engine/Shaders/DeferredLightingCommon.usf" 588
"C:/Program Files/Epic Games/4.5/Engine/Binaries/Win64/../../../Engine/Shaders/DynamicLightingCommon.usf" 589
"C:/Program Files/Epic Games/4.5/Engine/Binaries/Win64/../../../Engine/Shaders/IESLightProfilesCommon.usf" 590
"C:/Program Files/Epic Games/4.5/Engine/Binaries/Win64/../../../Engine/Shaders/LPVFinalPass.usf" 591
"C:/Program Files/Epic Games/4.5/Engine/Binaries/Win64/../../../Engine/Shaders/LPVCommon.usf" 592
"C:/Program Files/Epic Games/4.5/Engine/Binaries/Win64/../../../Engine/Shaders/DeferredDecal.usf" 593
"C:/Program Files/Epic Games/4.5/Engine/Binaries/Win64/../../../Engine/Shaders/PostProcessAmbientOcclusion.usf" 594
"C:/Program Files/Epic Games/4.5/Engine/Binaries/Win64/../../../Engine/Shaders/PostProcessAmbient.usf" 595
"C:/Program Files/Epic Games/4.5/Engine/Binaries/Win64/../../../Engine/Shaders/CubemapCommon.usf" 596
"C:/Program Files/Epic Games/4.5/Engine/Binaries/Win64/../../../Engine/Shaders/VelocityShader.usf" 597
"C:/Program Files/Epic Games/4.5/Engine/Binaries/Win64/../../../Engine/Shaders/Tessellation.usf" 598
"C:/Program Files/Epic Games/4.5/Engine/Binaries/Win64/../../../Engine/Shaders/FlatTessellation.usf" 599
"C:/Program Files/Epic Games/4.5/Engine/Binaries/Win64/../../../Engine/Shaders/PNTriangles.usf" 600
"C:/Program Files/Epic Games/4.5/Engine/Binaries/Win64/../../../Engine/Shaders/TranslucentLightingShaders.usf" 601
"C:/Program Files/Epic Games/4.5/Engine/Binaries/Win64/../../../Engine/Shaders/SHCommon.usf" 602
"C:/Program Files/Epic Games/4.5/Engine/Binaries/Win64/../../../Engine/Shaders/ShadowProjectionCommon.usf" 603
"C:/Program Files/Epic Games/4.5/Engine/Binaries/Win64/../../../Engine/Shaders/TranslucentLightInjectionShaders.usf" 604
"C:/Program Files/Epic Games/4.5/Engine/Binaries/Win64/../../../Engine/Shaders/LightFunctionCommon.usf" 605
"C:/Program Files/Epic Games/4.5/Engine/Binaries/Win64/../../../Engine/Shaders/TranslucentShadowDepthShaders.usf" 606
"C:/Program Files/Epic Games/4.5/Engine/Binaries/Win64/../../../Engine/Shaders/ShadowDepthCommon.usf" 607
"C:/Program Files/Epic Games/4.5/Engine/Binaries/Win64/../../../Engine/Shaders/TiledDeferredLightShaders.usf" 608
"C:/Program Files/Epic Games/4.5/Engine/Binaries/Win64/../../../Engine/Shaders/ShadowProjectionPixelShader.usf" 609
"C:/Program Files/Epic Games/4.5/Engine/Binaries/Win64/../../../Engine/Shaders/ShadowFilteringCommon.usf" 610
"C:/Program Files/Epic Games/4.5/Engine/Binaries/Win64/../../../Engine/Shaders/ShadowProjectionVertexShader.usf" 611
"C:/Program Files/Epic Games/4.5/Engine/Binaries/Win64/../../../Engine/Shaders/ShadowDepthPixelShader.usf" 612
"C:/Program Files/Epic Games/4.5/Engine/Binaries/Win64/../../../Engine/Shaders/LPVWriteVplCommon.usf" 613
"C:/Program Files/Epic Games/4.5/Engine/Binaries/Win64/../../../Engine/Shaders/LPVWriteCommon.usf" 614
"C:/Program Files/Epic Games/4.5/Engine/Binaries/Win64/../../../Engine/Shaders/ShadowDepthVertexShader.usf" 615
"C:/Program Files/Epic Games/4.5/Engine/Binaries/Win64/../../../Engine/Shaders/ShaderComplexityApplyPixelShader.usf" 616
"C:/Program Files/Epic Games/4.5/Engine/Binaries/Win64/../../../Engine/Shaders/ShaderComplexityApplyVertexShader.usf" 617
"C:/Program Files/Epic Games/4.5/Engine/Binaries/Win64/../../../Engine/Shaders/ShaderComplexityAccumulatePixelShader.usf" 618
"C:/Program Files/Epic Games/4.5/Engine/Binaries/Win64/../../../Engine/Shaders/HZBOcclusion.usf" 619
"C:/Program Files/Epic Games/4.5/Engine/Binaries/Win64/../../../Engine/Shaders/OcclusionQueryVertexShader.usf" 620
"C:/Program Files/Epic Games/4.5/Engine/Binaries/Win64/../../../Engine/Shaders/HitProxyPixelShader.usf" 621
"C:/Program Files/Epic Games/4.5/Engine/Binaries/Win64/../../../Engine/Shaders/HitProxyVertexShader.usf" 622
"C:/Program Files/Epic Games/4.5/Engine/Binaries/Win64/../../../Engine/Shaders/ReflectionEnvironmentShaders.usf" 623
"C:/Program Files/Epic Games/4.5/Engine/Binaries/Win64/../../../Engine/Shaders/ReflectionEnvironmentShared.usf" 624
"C:/Program Files/Epic Games/4.5/Engine/Binaries/Win64/../../../Engine/Shaders/SkyLightingShared.usf" 625
"C:/Program Files/Epic Games/4.5/Engine/Binaries/Win64/../../../Engine/Shaders/ReflectionEnvironmentComputeShaders.usf" 626
"C:/Program Files/Epic Games/4.5/Engine/Binaries/Win64/../../../Engine/Shaders/LightShaftShader.usf" 627
"C:/Program Files/Epic Games/4.5/Engine/Binaries/Win64/../../../Engine/Shaders/StationaryLightOverlapShaders.usf" 628
"C:/Program Files/Epic Games/4.5/Engine/Binaries/Win64/../../../Engine/Shaders/DeferredLightPixelShaders.usf" 629
"C:/Program Files/Epic Games/4.5/Engine/Binaries/Win64/../../../Engine/Shaders/DeferredLightVertexShaders.usf" 630
"C:/Program Files/Epic Games/4.5/Engine/Binaries/Win64/../../../Engine/Shaders/LPVVisualise.usf" 631
"C:/Program Files/Epic Games/4.5/Engine/Binaries/Win64/../../../Engine/Shaders/LPVGeometryVolumeCommon.usf" 632
"C:/Program Files/Epic Games/4.5/Engine/Binaries/Win64/../../../Engine/Shaders/LPVDirectLightInject.usf" 633
"C:/Program Files/Epic Games/4.5/Engine/Binaries/Win64/../../../Engine/Shaders/LPVPropagate.usf" 634
"C:/Program Files/Epic Games/4.5/Engine/Binaries/Win64/../../../Engine/Shaders/LPVBuildGeometryVolume.usf" 635
"C:/Program Files/Epic Games/4.5/Engine/Binaries/Win64/../../../Engine/Shaders/LPVInject_AccumulateVplLists.usf" 636
"C:/Program Files/Epic Games/4.5/Engine/Binaries/Win64/../../../Engine/Shaders/LPVInject_GenerateVplLists.usf" 637
"C:/Program Files/Epic Games/4.5/Engine/Binaries/Win64/../../../Engine/Shaders/LPVClearLists.usf" 638
"C:/Program Files/Epic Games/4.5/Engine/Binaries/Win64/../../../Engine/Shaders/LPVClear.usf" 639
"C:/Program Files/Epic Games/4.5/Engine/Binaries/Win64/../../../Engine/Shaders/LightMapDensityShader.usf" 640
"C:/Program Files/Epic Games/4.5/Engine/Binaries/Win64/../../../Engine/Shaders/LightFunctionPixelShader.usf" 641
"C:/Program Files/Epic Games/4.5/Engine/Binaries/Win64/../../../Engine/Shaders/LightFunctionVertexShader.usf" 642
"C:/Program Files/Epic Games/4.5/Engine/Binaries/Win64/../../../Engine/Shaders/HdrCustomResolveShaders.usf" 643
"C:/Program Files/Epic Games/4.5/Engine/Binaries/Win64/../../../Engine/Shaders/GPUBenchmark.usf" 644
"C:/Program Files/Epic Games/4.5/Engine/Binaries/Win64/../../../Engine/Shaders/GammaCorrection.usf" 645
"C:/Program Files/Epic Games/4.5/Engine/Binaries/Win64/../../../Engine/Shaders/BasePassForForwardShadingPixelShader.usf" 646
"C:/Program Files/Epic Games/4.5/Engine/Binaries/Win64/../../../Engine/Shaders/BasePassForForwardShadingCommon.usf" 647
"C:/Program Files/Epic Games/4.5/Engine/Binaries/Win64/../../../Engine/Shaders/LightmapCommon.usf" 648
"C:/Program Files/Epic Games/4.5/Engine/Binaries/Win64/../../../Engine/Shaders/BasePassForForwardShadingVertexShader.usf" 649
"C:/Program Files/Epic Games/4.5/Engine/Binaries/Win64/../../../Engine/Shaders/HeightFogCommon.usf" 650
"C:/Program Files/Epic Games/4.5/Engine/Binaries/Win64/../../../Engine/Shaders/HeightFogPixelShader.usf" 651
"C:/Program Files/Epic Games/4.5/Engine/Binaries/Win64/../../../Engine/Shaders/HeightFogVertexShader.usf" 652
"C:/Program Files/Epic Games/4.5/Engine/Binaries/Win64/../../../Engine/Shaders/DistortAccumulatePS.usf" 653
"C:/Program Files/Epic Games/4.5/Engine/Binaries/Win64/../../../Engine/Shaders/DistortAccumulateVS.usf" 654
"C:/Program Files/Epic Games/4.5/Engine/Binaries/Win64/../../../Engine/Shaders/DistortApplyScreenPS.usf" 655
"C:/Program Files/Epic Games/4.5/Engine/Binaries/Win64/../../../Engine/Shaders/SkyLighting.usf" 656
"C:/Program Files/Epic Games/4.5/Engine/Binaries/Win64/../../../Engine/Shaders/DistanceFieldSurfaceCacheLighting.usf" 657
"C:/Program Files/Epic Games/4.5/Engine/Binaries/Win64/../../../Engine/Shaders/DistanceFieldLightingShared.usf" 658
"C:/Program Files/Epic Games/4.5/Engine/Binaries/Win64/../../../Engine/Shaders/DistanceFieldAOShared.usf" 659
"C:/Program Files/Epic Games/4.5/Engine/Binaries/Win64/../../../Engine/Shaders/DistanceFieldSurfaceCacheLightingCompute.usf" 660
"C:/Program Files/Epic Games/4.5/Engine/Binaries/Win64/../../../Engine/Shaders/DistanceFieldShadowing.usf" 661
"C:/Program Files/Epic Games/4.5/Engine/Binaries/Win64/../../../Engine/Shaders/DepthOnlyPixelShader.usf" 662
"C:/Program Files/Epic Games/4.5/Engine/Binaries/Win64/../../../Engine/Shaders/DepthOnlyVertexShader.usf" 663
"C:/Program Files/Epic Games/4.5/Engine/Binaries/Win64/../../../Engine/Shaders/PositionOnlyDepthVertexShader.usf" 664
"C:/Program Files/Epic Games/4.5/Engine/Binaries/Win64/../../../Engine/Shaders/DownsampleDepthPixelShader.usf" 665
"C:/Program Files/Epic Games/4.5/Engine/Binaries/Win64/../../../Engine/Shaders/BasePassPixelShader.usf" 666
"C:/Program Files/Epic Games/4.5/Engine/Binaries/Win64/../../../Engine/Shaders/BasePassCommon.usf" 667
"C:/Program Files/Epic Games/4.5/Engine/Binaries/Win64/../../../Engine/Shaders/BasePassVertexShader.usf" 668
"C:/Program Files/Epic Games/4.5/Engine/Binaries/Win64/../../../Engine/Shaders/BasePassVertexCommon.usf" 669
"C:/Program Files/Epic Games/4.5/Engine/Binaries/Win64/../../../Engine/Shaders/BasePassTessellationShaders.usf" 670
"C:/Program Files/Epic Games/4.5/Engine/Binaries/Win64/../../../Engine/Shaders/AtmospherePrecompute.usf" 671
"C:/Program Files/Epic Games/4.5/Engine/Binaries/Win64/../../../Engine/Shaders/AtmospherePrecomputeCommon.usf" 672
"C:/Program Files/Epic Games/4.5/Engine/Binaries/Win64/../../../Engine/Shaders/AtmospherePrecomputeInscatter.usf" 673
"C:/Program Files/Epic Games/4.5/Engine/Binaries/Win64/../../../Engine/Shaders/AtmosphericFogShader.usf" 674
"C:/Program Files/Epic Games/4.5/Engine/Binaries/Win64/../../../Engine/Shaders/ParticleSortKeyGen.usf" 675
"C:/Program Files/Epic Games/4.5/Engine/Binaries/Win64/../../../Engine/Shaders/ParticleBoundsShader.usf" 676
"C:/Program Files/Epic Games/4.5/Engine/Binaries/Win64/../../../Engine/Shaders/ParticleSimVisualizeShader.usf" 677
"C:/Program Files/Epic Games/4.5/Engine/Binaries/Win64/../../../Engine/Shaders/ParticleInjectionShader.usf" 678
"C:/Program Files/Epic Games/4.5/Engine/Binaries/Win64/../../../Engine/Shaders/ParticleSimulationShader.usf" 679
"C:/Program Files/Epic Games/4.5/Engine/Binaries/Win64/../../../Engine/Shaders/ParticleCurveInjectionShader.usf" 680
"C:/Program Files/Epic Games/4.5/Engine/Binaries/Win64/../../../Engine/Shaders/VectorFieldCompositeShaders.usf" 681
"C:/Program Files/Epic Games/4.5/Engine/Binaries/Win64/../../../Engine/Shaders/UpdateTextureShaders.usf" 682
"C:/Program Files/Epic Games/4.5/Engine/Binaries/Win64/../../../Engine/Shaders/SimpleElementColorChannelMaskPixelShader.usf" 683
"C:/Program Files/Epic Games/4.5/Engine/Binaries/Win64/../../../Engine/Shaders/SimpleElementHitProxyPixelShader.usf" 684
"C:/Program Files/Epic Games/4.5/Engine/Binaries/Win64/../../../Engine/Shaders/SimpleElementPixelShader.usf" 685
"C:/Program Files/Epic Games/4.5/Engine/Binaries/Win64/../../../Engine/Shaders/ColorUtils.usf" 686
"C:/Program Files/Epic Games/4.5/Engine/Binaries/Win64/../../../Engine/Shaders/SimpleElementVertexShader.usf" 687
"C:/Program Files/Epic Games/4.5/Engine/Binaries/Win64/../../../Engine/Shaders/ScreenVertexShader.usf" 688
"C:/Program Files/Epic Games/4.5/Engine/Binaries/Win64/../../../Engine/Shaders/ScreenPixelShader.usf" 689
"C:/Program Files/Epic Games/4.5/Engine/Binaries/Win64/../../../Engine/Shaders/RadixSortShaders.usf" 690
"C:/Program Files/Epic Games/4.5/Engine/Binaries/Win64/../../../Engine/Shaders/GpuSkinCacheComputeShader.usf" 691
"C:/Program Files/Epic Games/4.5/Engine/Binaries/Win64/../../../Engine/Shaders/NullPixelShader.usf" 692
"C:/Program Files/Epic Games/4.5/Engine/Binaries/Win64/../../../Engine/Shaders/ClearReplacementShaders.usf" 693
"C:/Program Files/Epic Games/4.5/Engine/Binaries/Win64/../../../Engine/Shaders/SimpleElementTexture2DPreviewPixelShader.usf" 694
"C:/Program Files/Epic Games/4.5/Engine/Binaries/Win64/../../../Engine/Shaders/SimpleElementNormalMapPixelShader.usf" 695
"C:/Program Files/Epic Games/4.5/Engine/Binaries/Win64/../../../Engine/Shaders/meshpaintdilatepixelshader.usf" 696
"C:/Program Files/Epic Games/4.5/Engine/Binaries/Win64/../../../Engine/Shaders/meshpaintdilatevertexshader.usf" 697
"C:/Program Files/Epic Games/4.5/Engine/Binaries/Win64/../../../Engine/Shaders/MeshPaintPixelShader.usf" 698
"C:/Program Files/Epic Games/4.5/Engine/Binaries/Win64/../../../Engine/Shaders/MeshPaintVertexShader.usf" 699
"../../../Engine/Config/Android/AndroidEngine.ini" 700
"../../../Engine/Config/IOS/IOSEngine.ini" 701
"C:/Users/Alex/AppData/Local/UnrealEngine/4.5/DerivedDataCache/Boot.ddc" 702
"../../../Engine/DerivedDataCache/DDC.ddp" 703
"../../../Engine/Content/Maps/Templates/Thumbnails/Default.uasset" 704
"../../../Engine/Content/EditorMaterials/ParticleSystems/PSysThumbnail_NoImage.uasset" 705
"../../../Engine/Content/EditorMaterials/ParticleSystems/PSysThumbnail_OOD.uasset" 706
"../../../Engine/Content/EditorResources/S_Actor.uasset" 707
"../../../Engine/Content/EngineDamageTypes/DmgTypeBP_Environmental.uasset" 708
"../../../Engine/Content/EditorLandscapeResources/DataLayer.uasset" 709
"../../../Engine/Content/EngineMeshes/Sphere.uasset" 710
"../../../Engine/Content/EngineFonts/RobotoDistanceField.uasset" 711
"../../../Engine/Content/EngineMaterials/DefaultTextMaterialOpaque.uasset" 712
"../../../Engine/Content/Functions/Engine_MaterialFunctions01/Shading/PowerToRoughness.uasset" 713
"../../../Engine/Content/Functions/Engine_MaterialFunctions01/Shading/ConvertFromDiffSpec.uasset" 714
"../../../Engine/Content/EngineMaterials/WorldGridMaterial.uasset" 715
"../../../Engine/Content/Functions/Engine_MaterialFunctions01/Opacity/CameraDepthFade.uasset" 716
"../../../Engine/Content/EngineMaterials/T_Default_Material_Grid_M.uasset" 717
"../../../Engine/Content/EngineMaterials/T_Default_Material_Grid_N.uasset" 718
"../../../Engine/Content/EngineMaterials/DefaultDeferredDecalMaterial.uasset" 719
"../../../Engine/Content/EngineMaterials/DefaultDiffuse.uasset" 720
"../../../Engine/Content/EngineMaterials/DefaultLightFunctionMaterial.uasset" 721
"../../../Engine/Content/EngineMaterials/DefaultPostProcessMaterial.uasset" 722
"../../../Engine/Content/Functions/Engine_MaterialFunctions02/Utility/BreakOutFloat2Components.uasset" 723
"../../../Engine/Content/EditorResources/S_Trigger.uasset" 724
"../../../Engine/Content/EngineResources/WhiteSquareTexture.uasset" 725
"../../../Engine/Content/EngineResources/GradientTexture0.uasset" 726
"../../../Engine/Content/EngineResources/Black.uasset" 727
"../../../Engine/Content/EditorMaterials/MatineeGroups/MAT_Groups_Float.uasset" 728
"../../../Engine/Content/EditorMaterials/MatineeGroups/MAT_Groups_Director.uasset" 729
"../../../Engine/Content/EditorMaterials/MatineeGroups/MAT_Groups_Event.uasset" 730
"../../../Engine/Content/EditorMaterials/MatineeGroups/MAT_Groups_Anim.uasset" 731
"../../../Engine/Content/EditorMaterials/MatineeGroups/MAT_Groups_Fade.uasset" 732
"../../../Engine/Content/EditorMaterials/MatineeGroups/MAT_Groups_Move.uasset" 733
"../../../Engine/Content/EditorMaterials/MatineeGroups/MAT_Groups_Slomo.uasset" 734
"../../../Engine/Content/EditorMaterials/MatineeGroups/MAT_ColorTrack.uasset" 735
"../../../Engine/Content/EditorMaterials/MAT_Groups_Toggle.uasset" 736
"../../../Engine/Content/EditorMaterials/MatineeGroups/MAT_Groups_AudioMaster.uasset" 737
"../../../Engine/Content/EditorMaterials/MatineeGroups/MAT_Groups_Sound.uasset" 738
"../../../Engine/Content/EditorMaterials/MatineeGroups/MAT_Groups_Vector.uasset" 739
"../../../Engine/Content/EditorMaterials/MAT_Groups_Visibility.uasset" 740
"../../../Engine/Content/EngineResources/DefaultTexture.uasset" 741
"../../../Engine/Content/EngineResources/DefaultTextureCube.uasset" 742
"../../../Engine/Content/EngineSounds/Master.uasset" 743
"../../../Engine/Content/EngineSounds/Music.uasset" 744
"../../../Engine/Content/EngineSounds/SFX.uasset" 745
"../../../Engine/Content/EngineSounds/Normal_Attack.uasset" 746
"../../../Engine/Content/EngineSounds/Special_Attack_PSM.uasset" 747
"../../../Engine/Content/EngineSounds/Duck_Normal_Attack_MixMod.uasset" 748
"../../../Engine/Content/EngineSounds/Voice.uasset" 749
"../../../Engine/Content/EngineMeshes/Cylinder.uasset" 750
"../../../Engine/Content/EngineMaterials/DefaultMaterial.uasset" 751
"../../../Engine/Content/EngineTireTypes/DefaultTireType.uasset" 752
"../../../Engine/Plugins/2D/Paper2D/Content/MaskedUnlitSpriteMaterial.uasset" 753
"../../../Engine/Plugins/2D/Paper2D/Content/DefaultSpriteMaterial.uasset" 754
"../../../Engine/Plugins/2D/Paper2D/Content/DummySpriteTexture.uasset" 755
"../../../Engine/Plugins/2D/Paper2D/Content/OpaqueUnlitSpriteMaterial.uasset" 756
"../../../Engine/Plugins/2D/Paper2D/Content/DefaultPaperTerrainMaterial.uasset" 757
"../../../Engine/Plugins/2D/Paper2D/Content/DummySprite.uasset" 758
"C:/Users/Alex/AppData/Local/UnrealEngine/4.5/Saved/Config/Windows/SourceControlSettings.ini" 759
"../../../../../../Users/Alex/Documents/GitHub/hyperion/Saved/Config/CleanSourceConfigs/SourceControlSettings.ini" 760
"C:/Users/Alex/Documents/GitHub/hyperion/Saved/Config/Windows/SourceControlSettings.ini" 761
"../../../Engine/Content/EngineMaterials/RemoveSurfaceMaterial.uasset" 762
"../../../Engine/Content/EngineDebugMaterials/DebugMeshMaterial.uasset" 763
"../../../Engine/Content/EngineMaterials/M_InvalidLightmapSettings.uasset" 764
"../../../Engine/Content/EngineMaterials/InvalidLightmapSettings.uasset" 765
"../../../Engine/Content/EditorMaterials/GizmoMaterial.uasset" 766
"../../../Engine/Content/EngineMaterials/Good64x64TilingNoiseHighFreq.uasset" 767
"../../../Engine/Content/EngineMaterials/DefaultBokeh.uasset" 768
"../../../Engine/Content/EngineMaterials/PreintegratedSkinBRDF.uasset" 769
"../../../Engine/Content/EngineMaterials/MiniFont.uasset" 770
"../../../Engine/Content/EngineMaterials/WeightMapPlaceholderTexture.uasset" 771
"../../../Engine/Content/EngineMaterials/DefaultWhiteGrid.uasset" 772
"../../../Engine/Content/EngineMaterials/DefaultPhysicalMaterial.uasset" 773
"../../../Engine/Content/EngineFonts/TinyFont.uasset" 774
"../../../Engine/Content/EngineFonts/SmallFont.uasset" 775
"../../../../../../Users/Alex/Documents/GitHub/hyperion/Intermediate/CachedAssetRegistry.bin" 776
"../../../../../../Users/Alex/Documents/GitHub/hyperion/Content/Blueprints/FPSPlayer.uasset" 777
"../../../../../../Users/Alex/Documents/GitHub/hyperion/Content/Blueprints/GriswoldCharacter.uasset" 778
"../../../../../../Users/Alex/Documents/GitHub/hyperion/Content/Maps/TestingGrounds.umap" 779
"../../../../../../Users/Alex/Documents/GitHub/hyperion/Content/Materials/M_DiffuseTexture.uasset" 780
"../../../../../../Users/Alex/Documents/GitHub/hyperion/Content/Materials/M_PinkTile.uasset" 781
"../../../../../../Users/Alex/Documents/GitHub/hyperion/Content/Materials/M_Rockfloor.uasset" 782
"../../../../../../Users/Alex/Documents/GitHub/hyperion/Content/Materials/M_TechWall1.uasset" 783
"../../../../../../Users/Alex/Documents/GitHub/hyperion/Content/Materials/M_TechWall2.uasset" 784
"../../../../../../Users/Alex/Documents/GitHub/hyperion/Content/Materials/NewMaterial.uasset" 785
"../../../../../../Users/Alex/Documents/GitHub/hyperion/Content/Materials/PostProcess_Pixelate.uasset" 786
"../../../../../../Users/Alex/Documents/GitHub/hyperion/Content/Materials/PostProcess_Pixelate_Inst.uasset" 787
"../../../../../../Users/Alex/Documents/GitHub/hyperion/Content/Textures/13.uasset" 788
"../../../../../../Users/Alex/Documents/GitHub/hyperion/Content/Textures/14.uasset" 789
"../../../../../../Users/Alex/Documents/GitHub/hyperion/Content/Textures/142.uasset" 790
"../../../../../../Users/Alex/Documents/GitHub/hyperion/Content/Textures/17.uasset" 791
"../../../../../../Users/Alex/Documents/GitHub/hyperion/Content/Textures/21.uasset" 792
"../../../../../../Users/Alex/Documents/GitHub/hyperion/Content/Textures/22.uasset" 793
"../../../../../../Users/Alex/Documents/GitHub/hyperion/Content/Textures/23.uasset" 794
"../../../../../../Users/Alex/Documents/GitHub/hyperion/Content/Textures/24.uasset" 795
"../../../../../../Users/Alex/Documents/GitHub/hyperion/Content/Textures/242.uasset" 796
"../../../../../../Users/Alex/Documents/GitHub/hyperion/Content/Textures/28.uasset" 797
"../../../../../../Users/Alex/Documents/GitHub/hyperion/Content/Textures/5.uasset" 798
"../../../../../../Users/Alex/Documents/GitHub/hyperion/Content/Textures/6.uasset" 799
"../../../../../../Users/Alex/Documents/GitHub/hyperion/Content/Textures/7.uasset" 800
"../../../../../../Users/Alex/Documents/GitHub/hyperion/Content/Textures/M_PinkTile.uasset" 801
"../../../../../../Users/Alex/Documents/GitHub/hyperion/Content/Textures/rock.uasset" 802
"../../../Engine/Content/MobileResources/HUD/VirtualJoystick_Thumb.uasset" 803
"../../../Engine/Content/MobileResources/HUD/VirtualJoystick_Background.uasset" 804
"../../../Engine/Content/MobileResources/HUD/T_Castle_ThumbstickOutter.uasset" 805
"../../../Engine/Content/MobileResources/HUD/T_Castle_ThumbstickInner.uasset" 806
"../../../Engine/Content/MobileResources/HUD/MobileHUDDirectionStick.uasset" 807
"../../../Engine/Content/MobileResources/HUD/MobileHUDDirectionPad3.uasset" 808
"../../../Engine/Content/MobileResources/HUD/MobileHUDDirectionPad2.uasset" 809
"../../../Engine/Content/MobileResources/HUD/MobileHUDDirectionPad.uasset" 810
"../../../Engine/Content/MobileResources/HUD/MobileHUDButtonFire.uasset" 811
"../../../Engine/Content/MobileResources/HUD/MobileHUDButton3.uasset" 812
"../../../Engine/Content/MobileResources/HUD/MobileHUDButton2_on.uasset" 813
"../../../Engine/Content/MobileResources/HUD/MobileHUDButton2_off.uasset" 814
"../../../Engine/Content/MobileResources/HUD/MobileHUDButton1_on.uasset" 815
"../../../Engine/Content/MobileResources/HUD/MobileHUDButton1_off.uasset" 816
"../../../Engine/Content/MobileResources/HUD/LeftVirtualJoystickOnly.uasset" 817
"../../../Engine/Content/MobileResources/HUD/DefaultVirtualJoysticks.uasset" 818
"../../../Engine/Content/MobileResources/HUD/AnalogHat.uasset" 819
"../../../Engine/Content/MobileResources/T_MobileMenu2.uasset" 820
"../../../Engine/Content/MobileResources/T_MobileControls_texture.uasset" 821
"../../../Engine/Content/Maps/Entry.umap" 822
"../../../Engine/Content/EngineMaterials/DefaultNormal.uasset" 823
"../../../../../../Users/Alex/Documents/GitHub/hyperion/Content/Flipbooks/FGrisStand.uasset" 824
"../../../../../../Users/Alex/Documents/GitHub/hyperion/Content/Materials/3DSpriteMaterial.uasset" 825
"../../../../../../Users/Alex/Documents/GitHub/hyperion/Content/Sprites/sheet_Sprite167.uasset" 826
"../../../../../../Users/Alex/Documents/GitHub/hyperion/Content/Sprites/sheet.uasset" 827
"../../../../../../Users/Alex/Documents/GitHub/hyperion/Content/Sprites/sheet_Sprite168.uasset" 828
"../../../../../../Users/Alex/Documents/GitHub/hyperion/Content/Sprites/sheet_Sprite171.uasset" 829
"../../../../../../Users/Alex/Documents/GitHub/hyperion/Content/Sprites/sheet_Sprite172.uasset" 830
"../../../../../../Users/Alex/Documents/GitHub/hyperion/Content/Sprites/sheet_Sprite173.uasset" 831
"../../../../../../Users/Alex/Documents/GitHub/hyperion/Content/Sprites/sheet_Sprite174.uasset" 832
"../../../../../../Users/Alex/Documents/GitHub/hyperion/Content/Flipbooks/FGriswalk.uasset" 833
"../../../../../../Users/Alex/Documents/GitHub/hyperion/Content/Sprites/sheet_Sprite175.uasset" 834
"../../../../../../Users/Alex/Documents/GitHub/hyperion/Content/Sprites/sheet_Sprite177.uasset" 835
"../../../../../../Users/Alex/Documents/GitHub/hyperion/Content/Sprites/sheet_Sprite178.uasset" 836
"../../../../../../Users/Alex/Documents/GitHub/hyperion/Content/Sprites/sheet_Sprite179.uasset" 837
"../../../../../../Users/Alex/Documents/GitHub/hyperion/Content/Sprites/sheet_Sprite180.uasset" 838
"../../../../../../Users/Alex/Documents/GitHub/hyperion/Content/Sprites/sheet_Sprite181.uasset" 839
"../../../../../../Users/Alex/Documents/GitHub/hyperion/Content/Sprites/sheet_Sprite183.uasset" 840
"../../../../../../Users/Alex/Documents/GitHub/hyperion/Content/Sprites/sheet_Sprite184.uasset" 841
"../../../Engine/Content/EngineSky/BP_Sky_Sphere.uasset" 842
"../../../Engine/Content/EditorBlueprintResources/StandardMacros.uasset" 843
"../../../Engine/Content/EngineSky/C_Sky_Cloud_Color.uasset" 844
"../../../Engine/Content/EngineSky/C_Sky_Horizon_Color.uasset" 845
"../../../Engine/Content/EngineSky/C_Sky_Zenith_Color.uasset" 846
"../../../Engine/Content/EngineSky/M_Sky_Panning_Clouds2.uasset" 847
"../../../Engine/Content/EngineSky/T_Sky_Blue.uasset" 848
"../../../Engine/Content/EngineSky/T_Sky_Clouds_M.uasset" 849
"../../../Engine/Content/EngineSky/T_Sky_Stars.uasset" 850
"../../../Engine/Content/EngineSky/SM_SkySphere.uasset" 851
"../../../../../../Users/Alex/Documents/GitHub/hyperion/Content/Blueprints/FPSGameMode.uasset" 852
"../../../../../../Users/Alex/Documents/GitHub/hyperion/Content/Blueprints/FPSController.uasset" 853
"../../../../../../Users/Alex/Documents/GitHub/hyperion/Content/Flipbooks/Pistol.uasset" 854
"../../../../../../Users/Alex/Documents/GitHub/hyperion/Content/Materials/3dAlwaysRenderedSprite.uasset" 855
"../../../../../../Users/Alex/Documents/GitHub/hyperion/Content/Sprites/Weapons/3_Sprite.uasset" 856
"../../../../../../Users/Alex/Documents/GitHub/hyperion/Content/Sprites/Weapons/3.uasset" 857
"../../../Engine/Content/Functions/Engine_MaterialFunctions03/Blends/Blend_Screen.uasset" 858
"../../../Engine/Content/EditorMaterials/Cascade/CASC_Cross.uasset" 859
"../../../Engine/Content/EditorMaterials/Cascade/CASC_None.uasset" 860
"C:/Users/Alex/AppData/Local/UnrealEngine/Common/DerivedDataCache/0/5/9/TEXTURE_75F87CE100B546AAB8A1C4132AF9DB17_BGRA8_B4C3ACF14E385D42B41E0188B484561__20E016582BBFCC0A32C6263452A04DD13C13158E.udd" 861
"C:/Users/Alex/AppData/Local/UnrealEngine/Common/DerivedDataCache/7/4/9/TEXTURE_75F87CE100B546AAB8A1C4132AF9DB17_BGRA8_B4C3ACF14E385D42B41E0188B484561__8F152537921E4ED49D5F2E455AA963295628A9F6.udd" 862
"C:/Users/Alex/AppData/Local/UnrealEngine/Common/DerivedDataCache/6/5/4/TEXTURE_75F87CE100B546AAB8A1C4132AF9DB17_BGRA8_B4C3ACF14E385D42B41E0188B484561__282A219607B057E92DF990506C085FE13B35BF07.udd" 863
"C:/Users/Alex/AppData/Local/UnrealEngine/Common/DerivedDataCache/8/3/2/MATSM_E1C1E89EE9AE4F3CA7B8E0F1C49B34EB_PCD3D_SM5_2__BC5N_BMSIN_DEV_SL_NODBUF3D__E2D5187EA7948C2CE052B8840D97AB118F2DD215.udd" 864
"C:/Users/Alex/AppData/Local/UnrealEngine/Common/DerivedDataCache/9/9/5/MATSM_E1C1E89EE9AE4F3CA7B8E0F1C49B34EB_PCD3D_SM4_2__BC5N_BMSIN_DEV_SL_NODBUF3D__C3B29B8FDC63D57179B46E9790B8F69303D4E16E.udd" 865
"C:/Users/Alex/AppData/Local/UnrealEngine/Common/DerivedDataCache/0/5/6/MATSM_E1C1E89EE9AE4F3CA7B8E0F1C49B34EB_PCD3D_SM5_2__BC5N_BMSIN_DEV_SL_NODBUF82__1C2669EEDE84A08DBEC7A3777AFB64014F6A4D52.udd" 866
"C:/Users/Alex/AppData/Local/UnrealEngine/Common/DerivedDataCache/8/3/2/MATSM_E1C1E89EE9AE4F3CA7B8E0F1C49B34EB_PCD3D_SM4_2__BC5N_BMSIN_DEV_SL_NODBUF82__74D8D72E1DD413C11C12AC40B4C2EC1417BC9B8C.udd" 867
"C:/Users/Alex/AppData/Local/UnrealEngine/Common/DerivedDataCache/8/2/2/MATSM_E1C1E89EE9AE4F3CA7B8E0F1C49B34EB_PCD3D_SM5_2__BC5N_BMSIN_DEV_SL_NODBUFBD__EA3717C3AEF542A48387DEB56AD3F1A87F9744FF.udd" 868
"C:/Users/Alex/AppData/Local/UnrealEngine/Common/DerivedDataCache/5/2/7/TEXTURE_75F87CE100B546AAB8A1C4132AF9DB17_BGRA8_B4C3ACF14E385D42B41E0188B484561__7B4AC0EDD8F472561875BFED1AC8E7188BA62BCD.udd" 869
"C:/Users/Alex/AppData/Local/UnrealEngine/Common/DerivedDataCache/4/7/5/PHYSX_$7B1F0627AE$2DABEB$2D4206$2D8D78$2DE16BEB5DDC7E$7D_PHYSXPC_6B783550421CF7524B60558D7456102F__1_0_13073_0.udd" 870
"C:/Users/Alex/AppData/Local/UnrealEngine/Common/DerivedDataCache/3/1/3/MATSM_E1C1E89EE9AE4F3CA7B8E0F1C49B34EB_PCD3D_SM5_2__BC5N_BMSIN_DEV_SL_NODBUF14__41DC9F95A3F6D138B9B54B1BB7926342EAFE839B.udd" 871
"C:/Users/Alex/AppData/Local/UnrealEngine/Common/DerivedDataCache/4/0/0/TEXTURE_75F87CE100B546AAB8A1C4132AF9DB17_BGRA8_B4C3ACF14E385D42B41E0188B484561__02014178A6F2D2235C49BD17356224DC64607C54.udd" 872
"C:/Users/Alex/AppData/Local/UnrealEngine/Common/DerivedDataCache/2/7/2/TEXTURE_75F87CE100B546AAB8A1C4132AF9DB17_BGRA8_B4C3ACF14E385D42B41E0188B484561__72FCE9A8971F17BA2C4E8CB82BE7B7667962404E.udd" 873
"C:/Users/Alex/AppData/Local/UnrealEngine/Common/DerivedDataCache/6/1/4/TEXTURE_75F87CE100B546AAB8A1C4132AF9DB17_BGRA8_B4C3ACF14E385D42B41E0188B484561__6D2F0D3F3FB6F33C8C847487FE909BC73DF39AB6.udd" 874
"C:/Users/Alex/AppData/Local/UnrealEngine/Common/DerivedDataCache/3/8/7/MATSM_E1C1E89EE9AE4F3CA7B8E0F1C49B34EB_PCD3D_SM5_2__BC5N_BMSIN_DEV_SL_NODBUF1A__5530DFCCCA2AF3B216CE9E06E493A63A4359882E.udd" 875
"C:/Users/Alex/AppData/Local/UnrealEngine/Common/DerivedDataCache/8/5/3/TEXTURE_75F87CE100B546AAB8A1C4132AF9DB17_AUTODXT_1CE584A2466B1F13CE912492D1CC2__D1154C0391869A6264B271891C4A279304B9094A.udd" 876
"C:/Users/Alex/AppData/Local/UnrealEngine/Common/DerivedDataCache/3/9/0/TEXTURE_75F87CE100B546AAB8A1C4132AF9DB17_AUTODXT_1CE584A2466B1F13CE912492D1CC2__38C0193C537D4FE4E37F89BD0F562EE8457CE22C.udd" 877
"C:/Users/Alex/AppData/Local/UnrealEngine/Common/DerivedDataCache/3/7/3/TEXTURE_75F87CE100B546AAB8A1C4132AF9DB17_AUTODXT_1CE584A2466B1F13CE912492D1CC2__94D6AFC1A36B11597744640185642F03AE09B447.udd" 878
"C:/Users/Alex/AppData/Local/UnrealEngine/Common/DerivedDataCache/7/8/9/TEXTURE_75F87CE100B546AAB8A1C4132AF9DB17_AUTODXT_1CE584A2466B1F13CE912492D1CC2__181B4667BB4EE5DD0D19BE8528C48146704183C4.udd" 879
"C:/Users/Alex/AppData/Local/UnrealEngine/Common/DerivedDataCache/0/1/3/TEXTURE_75F87CE100B546AAB8A1C4132AF9DB17_AUTODXT_F80B07DA45FC438FFD11F78E98B5A__A1B318A3F462D855DEFB7116E9F092FD493F4F33.udd" 880
"C:/Users/Alex/AppData/Local/UnrealEngine/Common/DerivedDataCache/3/1/2/TEXTURE_75F87CE100B546AAB8A1C4132AF9DB17_AUTODXT_F80B07DA45FC438FFD11F78E98B5A__E9EBF24AC438AA54F0B6B80A81039C8D8919CE02.udd" 881
"C:/Users/Alex/AppData/Local/UnrealEngine/Common/DerivedDataCache/1/5/4/TEXTURE_75F87CE100B546AAB8A1C4132AF9DB17_AUTODXT_F80B07DA45FC438FFD11F78E98B5A__6C4B58C2FCDDC832B9C5DA45AE07229C422CB280.udd" 882
"C:/Users/Alex/AppData/Local/UnrealEngine/Common/DerivedDataCache/4/9/2/TEXTURE_75F87CE100B546AAB8A1C4132AF9DB17_AUTODXT_41E7C1CC439931EAF061A2B1196BE__361DA4BB3D9509E2F4284D2592FFA92454C347FE.udd" 883
"C:/Users/Alex/AppData/Local/UnrealEngine/Common/DerivedDataCache/6/2/7/MATSM_E1C1E89EE9AE4F3CA7B8E0F1C49B34EB_PCD3D_SM5_2__BC5N_BMSIN_DEV_SL_NODBUF38__27153F27B1CD74CBB7355B361A47033499C27DB5.udd" 884
"C:/Users/Alex/AppData/Local/UnrealEngine/Common/DerivedDataCache/8/3/0/PHYSX_$7B1F0627AE$2DABEB$2D4206$2D8D78$2DE16BEB5DDC7E$7D_PHYSXPC_F3AB6D124B149B76A1EFCBB0A50B243E__1_0_13073_0.udd" 885
"C:/Users/Alex/AppData/Local/UnrealEngine/Common/DerivedDataCache/0/0/6/PHYSX_$7B1F0627AE$2DABEB$2D4206$2D8D78$2DE16BEB5DDC7E$7D_PHYSXPC_E897FF3A4B049B7F49D15B925C49FB20__1_0_13073_0.udd" 886
"C:/Users/Alex/AppData/Local/UnrealEngine/Common/DerivedDataCache/2/5/2/PHYSX_$7B1F0627AE$2DABEB$2D4206$2D8D78$2DE16BEB5DDC7E$7D_PHYSXPC_F30EF8E740DDB063FD940289A0C3FA0B__1_0_13073_0.udd" 887
"C:/Users/Alex/AppData/Local/UnrealEngine/Common/DerivedDataCache/3/2/5/PHYSX_$7B1F0627AE$2DABEB$2D4206$2D8D78$2DE16BEB5DDC7E$7D_PHYSXPC_336FDB7F4EC2EBF0C55180AEF07E1011__1_0_13073_0.udd" 888
"C:/Users/Alex/AppData/Local/UnrealEngine/Common/DerivedDataCache/7/4/1/PHYSX_$7B1F0627AE$2DABEB$2D4206$2D8D78$2DE16BEB5DDC7E$7D_PHYSXPC_17FB4B7B44CED9C45216EE998F50D1A5__1_0_13073_0.udd" 889
"C:/Users/Alex/AppData/Local/UnrealEngine/Common/DerivedDataCache/6/5/2/PHYSX_$7B1F0627AE$2DABEB$2D4206$2D8D78$2DE16BEB5DDC7E$7D_PHYSXPC_4E00E1154ED694CBFA7D6F8E73606EDC__1_0_13073_0.udd" 890
"C:/Users/Alex/AppData/Local/UnrealEngine/Common/DerivedDataCache/4/9/6/PHYSX_$7B1F0627AE$2DABEB$2D4206$2D8D78$2DE16BEB5DDC7E$7D_PHYSXPC_8C8BEC834D41970F2D13939A3307DD38__1_0_13073_0.udd" 891
"C:/Users/Alex/AppData/Local/UnrealEngine/Common/DerivedDataCache/2/3/1/TEXTURE_75F87CE100B546AAB8A1C4132AF9DB17_AUTODXT_41E7C1CC439931EAF061A2B1196BE__490A1616C229924D498AB2B23F5F2ABF3AD0D175.udd" 892
"C:/Users/Alex/AppData/Local/UnrealEngine/Common/DerivedDataCache/2/3/3/TEXTURE_75F87CE100B546AAB8A1C4132AF9DB17_AUTODXT_41E7C1CC439931EAF061A2B1196BE__F447911A861DA33046C4B227627601DB77C2743D.udd" 893
"C:/Users/Alex/AppData/Local/UnrealEngine/Common/DerivedDataCache/9/2/6/TEXTURE_75F87CE100B546AAB8A1C4132AF9DB17_AUTODXT_41E7C1CC439931EAF061A2B1196BE__BAFECD5E0FDF0E70FC498219227E437F7D8DC335.udd" 894
"C:/Users/Alex/AppData/Local/UnrealEngine/Common/DerivedDataCache/0/4/5/TEXTURE_75F87CE100B546AAB8A1C4132AF9DB17_AUTODXT_7D7535E54A8AEA170F0F4792E701C__ADC3DBC70070A86BBD2A5D0E0AEA80A11C7678C0.udd" 895
"C:/Users/Alex/AppData/Local/UnrealEngine/Common/DerivedDataCache/4/9/4/TEXTURE_75F87CE100B546AAB8A1C4132AF9DB17_AUTODXT_7D7535E54A8AEA170F0F4792E701C__5A30A73D9A9266C6DEC6A0FC47ABBAAF983C5C2A.udd" 896
"C:/Users/Alex/AppData/Local/UnrealEngine/Common/DerivedDataCache/2/9/2/TEXTURE_75F87CE100B546AAB8A1C4132AF9DB17_AUTODXT_7D7535E54A8AEA170F0F4792E701C__6DD9D867794CF67B98F07A39589C1D07EACF7588.udd" 897
"C:/Users/Alex/AppData/Local/UnrealEngine/Common/DerivedDataCache/9/3/4/TEXTURE_75F87CE100B546AAB8A1C4132AF9DB17_AUTODXT_7D7535E54A8AEA170F0F4792E701C__436C3D26964BEC3268B89733C7B7F6200A666436.udd" 898
"C:/Users/Alex/AppData/Local/UnrealEngine/Common/DerivedDataCache/0/7/3/TEXTURE_75F87CE100B546AAB8A1C4132AF9DB17_AUTODXT_DBC90D094CB91D2155256C957C016__1B35EC9214053C1962EC326D1094A1988D9290F9.udd" 899
"C:/Users/Alex/AppData/Local/UnrealEngine/Common/DerivedDataCache/1/4/7/TEXTURE_75F87CE100B546AAB8A1C4132AF9DB17_AUTODXT_DBC90D094CB91D2155256C957C016__20D70B710570219C8D04235AC6913947B54D0392.udd" 900
"C:/Users/Alex/AppData/Local/UnrealEngine/Common/DerivedDataCache/2/1/2/TEXTURE_75F87CE100B546AAB8A1C4132AF9DB17_AUTODXT_DBC90D094CB91D2155256C957C016__E7E0B2F40EB28767DA27A239B01DFCCE50604D96.udd" 901
"C:/Users/Alex/AppData/Local/UnrealEngine/Common/DerivedDataCache/5/7/5/TEXTURE_75F87CE100B546AAB8A1C4132AF9DB17_AUTODXT_DBC90D094CB91D2155256C957C016__465CAB0C57EF18436B934D31EE6320F6F73CDECC.udd" 902
"C:/Users/Alex/AppData/Local/UnrealEngine/Common/DerivedDataCache/5/4/6/TEXTURE_75F87CE100B546AAB8A1C4132AF9DB17_AUTODXT_9EA099EE4E436D7A0917A7843A78A__0AD85AF4A3982F975D00AE8B9493CF874FF15E7E.udd" 903
"C:/Users/Alex/AppData/Local/UnrealEngine/Common/DerivedDataCache/7/9/0/TEXTURE_75F87CE100B546AAB8A1C4132AF9DB17_DXT1_B54AD6C64E87457E2D2F7B8654735635__9D70D023CE387948B47A8B825836000416FAEFAA.udd" 904
"C:/Users/Alex/AppData/Local/UnrealEngine/Common/DerivedDataCache/8/2/7/TEXTURE_75F87CE100B546AAB8A1C4132AF9DB17_BGRA8_E8E174D3489A78C068BE629193F7EBF__76F725E8D32A5E74759E8B8EA9F731DFCB90F08A.udd" 905
"C:/Users/Alex/AppData/Local/UnrealEngine/Common/DerivedDataCache/3/0/4/TEXTURE_75F87CE100B546AAB8A1C4132AF9DB17_AUTODXT_F80B07DA45FC438FFD11F78E98B5A__C7032CFA0F6DA6F6E02209277FBB2E3EA7B59ECC.udd" 906
"../../../Engine/Content/EditorResources/LightIcons/S_LightError.uasset" 907
"C:/Users/Alex/Documents/GitHub/hyperion/Intermediate/Shaders/WorkingDirectory/11444/0/WorkerOutputOnly.out" 908
"C:/Users/Alex/Documents/GitHub/hyperion/Intermediate/Shaders/WorkingDirectory/11444/3/WorkerOutputOnly.out" 909
"C:/Users/Alex/Documents/GitHub/hyperion/Intermediate/Shaders/WorkingDirectory/11444/6/WorkerOutputOnly.out" 910
"C:/Users/Alex/Documents/GitHub/hyperion/Intermediate/Shaders/WorkingDirectory/11444/2/WorkerOutputOnly.out" 911
"C:/Users/Alex/Documents/GitHub/hyperion/Intermediate/Shaders/WorkingDirectory/11444/1/WorkerOutputOnly.out" 912
"C:/Users/Alex/Documents/GitHub/hyperion/Intermediate/Shaders/WorkingDirectory/11444/7/WorkerOutputOnly.out" 913
"C:/Users/Alex/Documents/GitHub/hyperion/Intermediate/Shaders/WorkingDirectory/11444/4/WorkerOutputOnly.out" 914
"C:/Users/Alex/Documents/GitHub/hyperion/Intermediate/Shaders/WorkingDirectory/11444/5/WorkerOutputOnly.out" 915
"../../../../../../Users/Alex/Documents/GitHub/hyperion/Saved/Autosaves/Game/Maps/UEDPCTestingGrounds.umap" 916
"C:/Users/Alex/AppData/Local/UnrealEngine/Common/DerivedDataCache/5/6/2/MATSM_E1C1E89EE9AE4F3CA7B8E0F1C49B34EB_PCD3D_SM4_2__BC5N_BMSIN_DEV_SL_NODBUFBD__2DD8CEE96D722FDDF08168550F406889798D6AF9.udd" 917
"C:/Users/Alex/AppData/Local/UnrealEngine/Common/DerivedDataCache/1/9/5/MATSM_E1C1E89EE9AE4F3CA7B8E0F1C49B34EB_PCD3D_SM4_2__BC5N_BMSIN_DEV_SL_NODBUF14__D0B00DA0769936266A44382374BEA57FE59C177B.udd" 918
"C:/Users/Alex/AppData/Local/UnrealEngine/Common/DerivedDataCache/1/2/7/MATSM_E1C1E89EE9AE4F3CA7B8E0F1C49B34EB_PCD3D_SM4_2__BC5N_BMSIN_DEV_SL_NODBUF1A__3C4764065339F545B1C64FB5D6FB13A3028965AC.udd" 919
"C:/Users/Alex/AppData/Local/UnrealEngine/Common/DerivedDataCache/5/3/4/MATSM_E1C1E89EE9AE4F3CA7B8E0F1C49B34EB_PCD3D_SM4_2__BC5N_BMSIN_DEV_SL_NODBUF38__0923D3C593A3C6D717EF79BB42EAE2440F885887.udd" 920
